*****
train folds are {1, 2, 3, 5} and test fold is {4}
random wave cropping

ResNet_3(BasicBlock_2, [3, 2, 2, 4])
*****

  0%|           | 1/215 [01:29<5:18:43, 89.36s/ep] TrnAcc=0.052 ValAcc=0.094 TrnLoss=3.918 ValLoss=3.434 < inf --> checkpoint
  1%|1          | 2/215 [02:39<4:36:10, 77.79s/ep] TrnAcc=0.129 ValAcc=0.125 TrnLoss=3.279 ValLoss=3.048 < 3.434 --> checkpoint
  1%|1          | 3/215 [03:50<4:25:08, 75.04s/ep] TrnAcc=0.179 ValAcc=0.231 TrnLoss=2.948 ValLoss=2.859 < 3.048 --> checkpoint
  2%|2          | 4/215 [05:01<4:18:14, 73.44s/ep] TrnAcc=0.265 ValAcc=0.275 TrnLoss=2.653 ValLoss=2.556 < 2.859 --> checkpoint
  2%|2          | 5/215 [06:13<4:14:26, 72.70s/ep] TrnAcc=0.330 ValAcc=0.281 TrnLoss=2.383 ValLoss=2.472 < 2.556 --> checkpoint
  3%|3          | 6/215 [07:24<4:11:32, 72.21s/ep] TrnAcc=0.362 ValAcc=0.394 TrnLoss=2.213 ValLoss=2.141 < 2.472 --> checkpoint
  3%|3          | 7/215 [08:37<4:11:43, 72.61s/ep] TrnAcc=0.420 ValAcc=0.406 TrnLoss=1.999 ValLoss=2.119 < 2.141 --> checkpoint
  4%|4          | 8/215 [09:50<4:10:22, 72.57s/ep] TrnAcc=0.437 ValAcc=0.438 TrnLoss=1.943 ValLoss=1.951 < 2.119 --> checkpoint
  4%|4          | 9/215 [11:02<4:08:48, 72.47s/ep] TrnAcc=0.456 ValAcc=0.481 TrnLoss=1.838 ValLoss=1.817 < 1.951 --> checkpoint
  5%|4         | 10/215 [12:13<4:05:47, 71.94s/ep] TrnAcc=0.476 ValAcc=0.487 TrnLoss=1.727 ValLoss=1.675 < 1.817 --> checkpoint
  5%|5         | 11/215 [13:23<4:02:20, 71.28s/ep] TrnAcc=0.506 ValAcc=0.481 TrnLoss=1.616 ValLoss=1.714 
  6%|5         | 12/215 [14:36<4:02:52, 71.78s/ep] TrnAcc=0.544 ValAcc=0.556 TrnLoss=1.516 ValLoss=1.581 < 1.675 --> checkpoint
  6%|6         | 13/215 [15:48<4:02:40, 72.08s/ep] TrnAcc=0.572 ValAcc=0.525 TrnLoss=1.413 ValLoss=1.607 
  7%|6         | 14/215 [17:01<4:01:33, 72.11s/ep] TrnAcc=0.587 ValAcc=0.519 TrnLoss=1.346 ValLoss=1.484 < 1.581 --> checkpoint
  7%|6         | 15/215 [18:11<3:58:47, 71.64s/ep] TrnAcc=0.617 ValAcc=0.537 TrnLoss=1.289 ValLoss=1.620 
  7%|7         | 16/215 [19:22<3:56:27, 71.29s/ep] TrnAcc=0.629 ValAcc=0.581 TrnLoss=1.282 ValLoss=1.550 
  8%|7         | 17/215 [20:33<3:55:21, 71.32s/ep] TrnAcc=0.635 ValAcc=0.575 TrnLoss=1.195 ValLoss=1.364 < 1.484 --> checkpoint
  8%|8         | 18/215 [21:41<3:51:10, 70.41s/ep] TrnAcc=0.649 ValAcc=0.569 TrnLoss=1.139 ValLoss=1.392 
  9%|8         | 19/215 [22:52<3:50:07, 70.45s/ep] TrnAcc=0.670 ValAcc=0.569 TrnLoss=1.076 ValLoss=1.350 < 1.364 --> checkpoint
  9%|9         | 20/215 [24:01<3:48:11, 70.21s/ep] TrnAcc=0.699 ValAcc=0.537 TrnLoss=1.020 ValLoss=1.475 
 10%|9         | 21/215 [25:11<3:45:58, 69.89s/ep] TrnAcc=0.709 ValAcc=0.588 TrnLoss=0.981 ValLoss=1.332 < 1.350 --> checkpoint
 10%|#         | 22/215 [26:21<3:44:56, 69.93s/ep] TrnAcc=0.697 ValAcc=0.581 TrnLoss=0.984 ValLoss=1.450 
 11%|#         | 23/215 [27:31<3:43:49, 69.94s/ep] TrnAcc=0.718 ValAcc=0.613 TrnLoss=0.948 ValLoss=1.372 
 11%|#1        | 24/215 [28:42<3:44:24, 70.49s/ep] TrnAcc=0.741 ValAcc=0.581 TrnLoss=0.850 ValLoss=1.599 
 12%|#1        | 25/215 [29:54<3:44:33, 70.91s/ep] TrnAcc=0.721 ValAcc=0.669 TrnLoss=0.906 ValLoss=1.122 < 1.332 --> checkpoint
 12%|#2        | 26/215 [31:06<3:44:06, 71.15s/ep] TrnAcc=0.754 ValAcc=0.706 TrnLoss=0.842 ValLoss=1.014 < 1.122 --> checkpoint
 13%|#2        | 27/215 [32:19<3:44:17, 71.58s/ep] TrnAcc=0.768 ValAcc=0.662 TrnLoss=0.779 ValLoss=1.255 
 13%|#3        | 28/215 [33:30<3:43:06, 71.59s/ep] TrnAcc=0.751 ValAcc=0.725 TrnLoss=0.836 ValLoss=0.968 < 1.014 --> checkpoint
 13%|#3        | 29/215 [34:42<3:42:09, 71.67s/ep] TrnAcc=0.774 ValAcc=0.731 TrnLoss=0.768 ValLoss=0.926 < 0.968 --> checkpoint
 14%|#3        | 30/215 [35:55<3:42:28, 72.15s/ep] TrnAcc=0.769 ValAcc=0.744 TrnLoss=0.758 ValLoss=0.980 
 14%|#4        | 31/215 [37:08<3:41:57, 72.38s/ep] TrnAcc=0.779 ValAcc=0.750 TrnLoss=0.726 ValLoss=0.970 
 15%|#4        | 32/215 [38:20<3:40:18, 72.23s/ep] TrnAcc=0.794 ValAcc=0.731 TrnLoss=0.707 ValLoss=1.057 
 15%|#5        | 33/215 [39:33<3:39:23, 72.33s/ep] TrnAcc=0.801 ValAcc=0.775 TrnLoss=0.681 ValLoss=0.852 < 0.926 --> checkpoint
 16%|#5        | 34/215 [40:46<3:39:16, 72.69s/ep] TrnAcc=0.795 ValAcc=0.781 TrnLoss=0.681 ValLoss=0.952 
 16%|#6        | 35/215 [41:59<3:38:02, 72.68s/ep] TrnAcc=0.822 ValAcc=0.744 TrnLoss=0.623 ValLoss=0.946 
 17%|#6        | 36/215 [43:12<3:37:22, 72.86s/ep] TrnAcc=0.805 ValAcc=0.787 TrnLoss=0.657 ValLoss=0.813 < 0.852 --> checkpoint
 17%|#7        | 37/215 [44:24<3:34:55, 72.45s/ep] TrnAcc=0.825 ValAcc=0.787 TrnLoss=0.603 ValLoss=0.776 < 0.813 --> checkpoint
 18%|#7        | 38/215 [45:35<3:33:14, 72.29s/ep] TrnAcc=0.836 ValAcc=0.769 TrnLoss=0.581 ValLoss=0.820 
 18%|#8        | 39/215 [46:47<3:31:48, 72.21s/ep] TrnAcc=0.838 ValAcc=0.812 TrnLoss=0.562 ValLoss=0.770 < 0.776 --> checkpoint
 19%|#8        | 40/215 [47:59<3:30:09, 72.05s/ep] TrnAcc=0.847 ValAcc=0.775 TrnLoss=0.553 ValLoss=0.837 
 19%|#9        | 41/215 [49:13<3:30:10, 72.47s/ep] TrnAcc=0.852 ValAcc=0.806 TrnLoss=0.517 ValLoss=0.726 < 0.770 --> checkpoint
 20%|#9        | 42/215 [50:25<3:29:09, 72.54s/ep] TrnAcc=0.855 ValAcc=0.744 TrnLoss=0.527 ValLoss=0.949 
 20%|##        | 43/215 [51:37<3:27:05, 72.24s/ep] TrnAcc=0.863 ValAcc=0.806 TrnLoss=0.497 ValLoss=0.821 
 20%|##        | 44/215 [52:48<3:25:15, 72.02s/ep] TrnAcc=0.858 ValAcc=0.787 TrnLoss=0.493 ValLoss=0.795 
 21%|##        | 45/215 [54:00<3:23:34, 71.85s/ep] TrnAcc=0.842 ValAcc=0.787 TrnLoss=0.523 ValLoss=0.811 
 21%|##1       | 46/215 [55:12<3:22:12, 71.79s/ep] TrnAcc=0.858 ValAcc=0.800 TrnLoss=0.485 ValLoss=0.791 
 22%|##1       | 47/215 [56:22<3:20:11, 71.50s/ep] TrnAcc=0.876 ValAcc=0.756 TrnLoss=0.468 ValLoss=0.830 
 22%|##2       | 48/215 [57:32<3:17:48, 71.07s/ep] TrnAcc=0.858 ValAcc=0.650 TrnLoss=0.487 ValLoss=1.355 
 23%|##2       | 49/215 [58:42<3:15:13, 70.56s/ep] TrnAcc=0.871 ValAcc=0.700 TrnLoss=0.453 ValLoss=0.929 
 23%|##3       | 50/215 [59:51<3:13:16, 70.28s/ep] TrnAcc=0.887 ValAcc=0.838 TrnLoss=0.448 ValLoss=0.782 
 24%|#8      | 51/215 [1:01:02<3:12:38, 70.48s/ep] TrnAcc=0.884 ValAcc=0.831 TrnLoss=0.422 ValLoss=0.684 < 0.726 --> checkpoint
 24%|#9      | 52/215 [1:02:14<3:12:09, 70.73s/ep] TrnAcc=0.884 ValAcc=0.794 TrnLoss=0.435 ValLoss=0.715 
 25%|#9      | 53/215 [1:03:24<3:10:50, 70.68s/ep] TrnAcc=0.878 ValAcc=0.863 TrnLoss=0.426 ValLoss=0.704 
 25%|##      | 54/215 [1:04:34<3:09:02, 70.45s/ep] TrnAcc=0.876 ValAcc=0.794 TrnLoss=0.439 ValLoss=0.824 
 26%|##      | 55/215 [1:05:45<3:07:53, 70.46s/ep] TrnAcc=0.879 ValAcc=0.738 TrnLoss=0.414 ValLoss=1.007 
 26%|##      | 56/215 [1:06:55<3:06:51, 70.52s/ep] TrnAcc=0.902 ValAcc=0.819 TrnLoss=0.373 ValLoss=0.733 
 27%|##1     | 57/215 [1:08:07<3:06:20, 70.76s/ep] TrnAcc=0.903 ValAcc=0.819 TrnLoss=0.371 ValLoss=0.682 < 0.684 --> checkpoint
 27%|##1     | 58/215 [1:09:17<3:05:09, 70.76s/ep] TrnAcc=0.889 ValAcc=0.738 TrnLoss=0.399 ValLoss=0.951 
 27%|##1     | 59/215 [1:10:29<3:04:40, 71.03s/ep] TrnAcc=0.901 ValAcc=0.787 TrnLoss=0.375 ValLoss=0.852 
 28%|##2     | 60/215 [1:11:40<3:03:45, 71.13s/ep] TrnAcc=0.901 ValAcc=0.825 TrnLoss=0.369 ValLoss=0.714 
 28%|##2     | 61/215 [1:12:53<3:03:24, 71.46s/ep] TrnAcc=0.908 ValAcc=0.825 TrnLoss=0.346 ValLoss=0.635 < 0.682 --> checkpoint
 29%|##3     | 62/215 [1:14:05<3:02:54, 71.73s/ep] TrnAcc=0.905 ValAcc=0.812 TrnLoss=0.356 ValLoss=0.689 
 29%|##3     | 63/215 [1:15:16<3:01:25, 71.61s/ep] TrnAcc=0.918 ValAcc=0.838 TrnLoss=0.339 ValLoss=0.683 
 30%|##3     | 64/215 [1:16:28<3:00:12, 71.60s/ep] TrnAcc=0.903 ValAcc=0.831 TrnLoss=0.351 ValLoss=0.657 
 30%|##4     | 65/215 [1:17:40<2:59:28, 71.79s/ep] TrnAcc=0.908 ValAcc=0.825 TrnLoss=0.338 ValLoss=0.641 
 31%|##4     | 66/215 [1:18:50<2:57:01, 71.29s/ep] TrnAcc=0.928 ValAcc=0.850 TrnLoss=0.311 ValLoss=0.675 
 31%|##4     | 67/215 [1:20:01<2:55:22, 71.10s/ep] TrnAcc=0.919 ValAcc=0.812 TrnLoss=0.305 ValLoss=0.727 
 32%|##5     | 68/215 [1:21:12<2:54:34, 71.25s/ep] TrnAcc=0.916 ValAcc=0.825 TrnLoss=0.314 ValLoss=0.615 < 0.635 --> checkpoint
 32%|##5     | 69/215 [1:22:23<2:52:54, 71.06s/ep] TrnAcc=0.922 ValAcc=0.850 TrnLoss=0.316 ValLoss=0.629 
 33%|##6     | 70/215 [1:23:35<2:52:07, 71.22s/ep] TrnAcc=0.920 ValAcc=0.869 TrnLoss=0.308 ValLoss=0.627 
 33%|##6     | 71/215 [1:24:44<2:49:36, 70.67s/ep] TrnAcc=0.923 ValAcc=0.844 TrnLoss=0.301 ValLoss=0.598 < 0.615 --> checkpoint
 33%|##6     | 72/215 [1:25:54<2:48:10, 70.56s/ep] TrnAcc=0.917 ValAcc=0.825 TrnLoss=0.318 ValLoss=0.679 
 34%|##7     | 73/215 [1:27:04<2:46:07, 70.19s/ep] TrnAcc=0.926 ValAcc=0.825 TrnLoss=0.287 ValLoss=0.671 
 34%|##7     | 74/215 [1:28:15<2:45:54, 70.60s/ep] TrnAcc=0.935 ValAcc=0.875 TrnLoss=0.266 ValLoss=0.602 
 35%|##7     | 75/215 [1:29:27<2:45:30, 70.94s/ep] TrnAcc=0.933 ValAcc=0.844 TrnLoss=0.268 ValLoss=0.646 
 35%|##8     | 76/215 [1:30:37<2:43:36, 70.62s/ep] TrnAcc=0.932 ValAcc=0.844 TrnLoss=0.287 ValLoss=0.640 
 36%|##8     | 77/215 [1:31:46<2:41:40, 70.29s/ep] TrnAcc=0.936 ValAcc=0.831 TrnLoss=0.273 ValLoss=0.607 
 36%|##9     | 78/215 [1:32:57<2:40:34, 70.33s/ep] TrnAcc=0.938 ValAcc=0.850 TrnLoss=0.267 ValLoss=0.620 
 37%|##9     | 79/215 [1:34:08<2:40:16, 70.71s/ep] TrnAcc=0.935 ValAcc=0.844 TrnLoss=0.255 ValLoss=0.684 
 37%|##9     | 80/215 [1:35:22<2:40:55, 71.52s/ep] TrnAcc=0.931 ValAcc=0.831 TrnLoss=0.268 ValLoss=0.628 
 38%|###     | 81/215 [1:36:33<2:39:15, 71.31s/ep] TrnAcc=0.947 ValAcc=0.869 TrnLoss=0.250 ValLoss=0.632 
 38%|###     | 82/215 [1:37:44<2:38:05, 71.32s/ep] TrnAcc=0.940 ValAcc=0.806 TrnLoss=0.253 ValLoss=0.712 
 39%|###     | 83/215 [1:38:56<2:37:05, 71.41s/ep] TrnAcc=0.950 ValAcc=0.850 TrnLoss=0.241 ValLoss=0.621 
 39%|###1    | 84/215 [1:40:07<2:35:45, 71.34s/ep] TrnAcc=0.938 ValAcc=0.756 TrnLoss=0.255 ValLoss=0.839 
 40%|###1    | 85/215 [1:41:18<2:34:33, 71.33s/ep] TrnAcc=0.931 ValAcc=0.850 TrnLoss=0.263 ValLoss=0.588 < 0.598 --> checkpoint
 40%|###2    | 86/215 [1:42:27<2:31:50, 70.63s/ep] TrnAcc=0.941 ValAcc=0.869 TrnLoss=0.243 ValLoss=0.563 < 0.588 --> checkpoint
 40%|###2    | 87/215 [1:43:37<2:29:54, 70.27s/ep] TrnAcc=0.946 ValAcc=0.838 TrnLoss=0.234 ValLoss=0.630 
 41%|###2    | 88/215 [1:44:46<2:28:26, 70.13s/ep] TrnAcc=0.961 ValAcc=0.812 TrnLoss=0.207 ValLoss=0.780 
 41%|###3    | 89/215 [1:45:57<2:27:22, 70.18s/ep] TrnAcc=0.948 ValAcc=0.850 TrnLoss=0.225 ValLoss=0.618 
 42%|###3    | 90/215 [1:47:07<2:26:20, 70.25s/ep] TrnAcc=0.940 ValAcc=0.844 TrnLoss=0.228 ValLoss=0.575 
 42%|###3    | 91/215 [1:48:17<2:24:43, 70.03s/ep] TrnAcc=0.943 ValAcc=0.856 TrnLoss=0.237 ValLoss=0.653 
 43%|###4    | 92/215 [1:49:27<2:23:37, 70.06s/ep] TrnAcc=0.942 ValAcc=0.875 TrnLoss=0.238 ValLoss=0.599 
 43%|###4    | 93/215 [1:50:37<2:22:30, 70.09s/ep] TrnAcc=0.947 ValAcc=0.856 TrnLoss=0.234 ValLoss=0.605 
 44%|###4    | 94/215 [1:51:46<2:20:33, 69.70s/ep] TrnAcc=0.948 ValAcc=0.856 TrnLoss=0.222 ValLoss=0.598 
 44%|###5    | 95/215 [1:52:56<2:19:40, 69.84s/ep] TrnAcc=0.951 ValAcc=0.869 TrnLoss=0.227 ValLoss=0.584 
 45%|###5    | 96/215 [1:54:05<2:17:53, 69.53s/ep] TrnAcc=0.953 ValAcc=0.844 TrnLoss=0.212 ValLoss=0.561 < 0.563 --> checkpoint
 45%|###6    | 97/215 [1:55:14<2:16:51, 69.59s/ep] TrnAcc=0.952 ValAcc=0.863 TrnLoss=0.215 ValLoss=0.542 < 0.561 --> checkpoint
 46%|###6    | 98/215 [1:56:24<2:15:46, 69.63s/ep] TrnAcc=0.956 ValAcc=0.856 TrnLoss=0.209 ValLoss=0.559 
 46%|###6    | 99/215 [1:57:35<2:15:13, 69.94s/ep] TrnAcc=0.963 ValAcc=0.869 TrnLoss=0.179 ValLoss=0.594 
 47%|###2   | 100/215 [1:58:44<2:13:33, 69.68s/ep] TrnAcc=0.959 ValAcc=0.856 TrnLoss=0.205 ValLoss=0.576 
 47%|###2   | 101/215 [1:59:54<2:12:58, 69.99s/ep] TrnAcc=0.953 ValAcc=0.831 TrnLoss=0.209 ValLoss=0.694 
 47%|###3   | 102/215 [2:01:04<2:11:39, 69.91s/ep] TrnAcc=0.960 ValAcc=0.838 TrnLoss=0.186 ValLoss=0.597 
 48%|###3   | 103/215 [2:02:13<2:09:56, 69.61s/ep] TrnAcc=0.965 ValAcc=0.869 TrnLoss=0.188 ValLoss=0.565 
 48%|###3   | 104/215 [2:03:23<2:08:53, 69.67s/ep] TrnAcc=0.958 ValAcc=0.850 TrnLoss=0.186 ValLoss=0.553 
 49%|###4   | 105/215 [2:04:33<2:08:09, 69.91s/ep] TrnAcc=0.963 ValAcc=0.856 TrnLoss=0.190 ValLoss=0.568 
 49%|###4   | 106/215 [2:05:45<2:07:50, 70.37s/ep] TrnAcc=0.955 ValAcc=0.850 TrnLoss=0.192 ValLoss=0.586 
 50%|###4   | 107/215 [2:06:57<2:07:35, 70.88s/ep] TrnAcc=0.965 ValAcc=0.856 TrnLoss=0.191 ValLoss=0.579 
 50%|###5   | 108/215 [2:08:05<2:04:39, 69.90s/ep] TrnAcc=0.963 ValAcc=0.850 TrnLoss=0.200 ValLoss=0.566 
 51%|###5   | 109/215 [2:09:14<2:03:27, 69.88s/ep] TrnAcc=0.951 ValAcc=0.869 TrnLoss=0.194 ValLoss=0.617 
 51%|###5   | 110/215 [2:10:25<2:02:47, 70.16s/ep] TrnAcc=0.969 ValAcc=0.863 TrnLoss=0.168 ValLoss=0.553 
 52%|###6   | 111/215 [2:11:34<2:01:02, 69.83s/ep] TrnAcc=0.965 ValAcc=0.856 TrnLoss=0.182 ValLoss=0.541 
 52%|###6   | 112/215 [2:12:44<1:59:43, 69.74s/ep] TrnAcc=0.962 ValAcc=0.863 TrnLoss=0.185 ValLoss=0.574 
 53%|###6   | 113/215 [2:13:54<1:58:45, 69.86s/ep] TrnAcc=0.970 ValAcc=0.875 TrnLoss=0.172 ValLoss=0.537 < 0.542 --> checkpoint
 53%|###7   | 114/215 [2:15:05<1:58:27, 70.37s/ep] TrnAcc=0.967 ValAcc=0.850 TrnLoss=0.174 ValLoss=0.598 
 53%|###7   | 115/215 [2:16:15<1:56:47, 70.08s/ep] TrnAcc=0.960 ValAcc=0.863 TrnLoss=0.186 ValLoss=0.575 
 54%|###7   | 116/215 [2:17:25<1:55:28, 69.98s/ep] TrnAcc=0.961 ValAcc=0.894 TrnLoss=0.176 ValLoss=0.518 < 0.537 --> checkpoint
 54%|###8   | 117/215 [2:18:34<1:53:58, 69.78s/ep] TrnAcc=0.963 ValAcc=0.856 TrnLoss=0.179 ValLoss=0.562 
 55%|###8   | 118/215 [2:19:44<1:53:07, 69.97s/ep] TrnAcc=0.953 ValAcc=0.875 TrnLoss=0.184 ValLoss=0.555 
 55%|###8   | 119/215 [2:20:54<1:51:35, 69.74s/ep] TrnAcc=0.963 ValAcc=0.863 TrnLoss=0.171 ValLoss=0.561 
 56%|###9   | 120/215 [2:22:04<1:50:37, 69.87s/ep] TrnAcc=0.967 ValAcc=0.875 TrnLoss=0.182 ValLoss=0.567 
 56%|###9   | 121/215 [2:23:12<1:48:33, 69.29s/ep] TrnAcc=0.970 ValAcc=0.863 TrnLoss=0.161 ValLoss=0.580 
 57%|###9   | 122/215 [2:24:21<1:47:18, 69.23s/ep] TrnAcc=0.965 ValAcc=0.881 TrnLoss=0.178 ValLoss=0.544 
 57%|####   | 123/215 [2:25:31<1:46:41, 69.58s/ep] TrnAcc=0.971 ValAcc=0.863 TrnLoss=0.164 ValLoss=0.563 
 58%|####   | 124/215 [2:26:42<1:46:06, 69.96s/ep] TrnAcc=0.972 ValAcc=0.869 TrnLoss=0.160 ValLoss=0.539 
 58%|####   | 125/215 [2:27:52<1:44:46, 69.85s/ep] TrnAcc=0.969 ValAcc=0.875 TrnLoss=0.168 ValLoss=0.603 
 59%|####1  | 126/215 [2:29:01<1:43:27, 69.75s/ep] TrnAcc=0.972 ValAcc=0.869 TrnLoss=0.151 ValLoss=0.559 
 59%|####1  | 127/215 [2:30:11<1:42:10, 69.67s/ep] TrnAcc=0.974 ValAcc=0.863 TrnLoss=0.154 ValLoss=0.555 
 60%|####1  | 128/215 [2:31:21<1:41:08, 69.75s/ep] TrnAcc=0.967 ValAcc=0.863 TrnLoss=0.161 ValLoss=0.569 
 60%|####2  | 129/215 [2:32:30<1:39:55, 69.72s/ep] TrnAcc=0.971 ValAcc=0.875 TrnLoss=0.158 ValLoss=0.567 
 60%|####2  | 130/215 [2:33:40<1:38:45, 69.71s/ep] TrnAcc=0.970 ValAcc=0.875 TrnLoss=0.162 ValLoss=0.570 
 61%|####2  | 131/215 [2:34:49<1:37:28, 69.63s/ep] TrnAcc=0.960 ValAcc=0.850 TrnLoss=0.177 ValLoss=0.599 
 61%|####2  | 132/215 [2:35:59<1:36:15, 69.59s/ep] TrnAcc=0.971 ValAcc=0.881 TrnLoss=0.158 ValLoss=0.544 
 62%|####3  | 133/215 [2:37:08<1:34:45, 69.33s/ep] TrnAcc=0.973 ValAcc=0.863 TrnLoss=0.154 ValLoss=0.543 
 62%|####3  | 134/215 [2:38:17<1:33:29, 69.25s/ep] TrnAcc=0.973 ValAcc=0.881 TrnLoss=0.146 ValLoss=0.534 
 63%|####3  | 135/215 [2:39:26<1:32:32, 69.40s/ep] TrnAcc=0.970 ValAcc=0.869 TrnLoss=0.159 ValLoss=0.540 
 63%|####4  | 136/215 [2:40:38<1:32:08, 69.98s/ep] TrnAcc=0.958 ValAcc=0.856 TrnLoss=0.163 ValLoss=0.545 
 64%|####4  | 137/215 [2:41:47<1:30:49, 69.86s/ep] TrnAcc=0.970 ValAcc=0.875 TrnLoss=0.147 ValLoss=0.572 
 64%|####4  | 138/215 [2:43:00<1:30:34, 70.58s/ep] TrnAcc=0.972 ValAcc=0.881 TrnLoss=0.149 ValLoss=0.581 
 65%|####5  | 139/215 [2:44:10<1:29:20, 70.53s/ep] TrnAcc=0.969 ValAcc=0.869 TrnLoss=0.148 ValLoss=0.549 
 65%|####5  | 140/215 [2:45:20<1:28:04, 70.46s/ep] TrnAcc=0.971 ValAcc=0.863 TrnLoss=0.148 ValLoss=0.537 
 66%|####5  | 141/215 [2:46:29<1:26:23, 70.04s/ep] TrnAcc=0.980 ValAcc=0.869 TrnLoss=0.135 ValLoss=0.564 
 66%|####6  | 142/215 [2:47:40<1:25:31, 70.30s/ep] TrnAcc=0.979 ValAcc=0.881 TrnLoss=0.133 ValLoss=0.542 
 67%|####6  | 143/215 [2:48:51<1:24:42, 70.60s/ep] TrnAcc=0.968 ValAcc=0.869 TrnLoss=0.151 ValLoss=0.538 
 67%|####6  | 144/215 [2:50:02<1:23:38, 70.68s/ep] TrnAcc=0.976 ValAcc=0.869 TrnLoss=0.138 ValLoss=0.545 
 67%|####7  | 145/215 [2:51:13<1:22:16, 70.52s/ep] TrnAcc=0.975 ValAcc=0.850 TrnLoss=0.148 ValLoss=0.557 
 68%|####7  | 146/215 [2:52:23<1:20:54, 70.36s/ep] TrnAcc=0.977 ValAcc=0.881 TrnLoss=0.136 ValLoss=0.535 
 68%|####7  | 147/215 [2:53:33<1:19:54, 70.51s/ep] TrnAcc=0.978 ValAcc=0.875 TrnLoss=0.139 ValLoss=0.552 
 69%|####8  | 148/215 [2:54:44<1:18:41, 70.47s/ep] TrnAcc=0.976 ValAcc=0.881 TrnLoss=0.136 ValLoss=0.551 
 69%|####8  | 149/215 [2:55:52<1:16:46, 69.80s/ep] TrnAcc=0.969 ValAcc=0.900 TrnLoss=0.153 ValLoss=0.522 
 70%|####8  | 150/215 [2:57:01<1:15:29, 69.69s/ep] TrnAcc=0.972 ValAcc=0.856 TrnLoss=0.138 ValLoss=0.551 
 70%|####9  | 151/215 [2:58:11<1:14:16, 69.63s/ep] TrnAcc=0.974 ValAcc=0.875 TrnLoss=0.151 ValLoss=0.532 
 71%|####9  | 152/215 [2:59:21<1:13:17, 69.80s/ep] TrnAcc=0.979 ValAcc=0.875 TrnLoss=0.128 ValLoss=0.522 
 71%|####9  | 153/215 [3:00:30<1:11:45, 69.45s/ep] TrnAcc=0.971 ValAcc=0.875 TrnLoss=0.146 ValLoss=0.556 
 72%|#####  | 154/215 [3:01:39<1:10:25, 69.28s/ep] TrnAcc=0.972 ValAcc=0.881 TrnLoss=0.141 ValLoss=0.538 
 72%|#####  | 155/215 [3:02:49<1:09:29, 69.50s/ep] TrnAcc=0.976 ValAcc=0.863 TrnLoss=0.138 ValLoss=0.554 
 73%|#####  | 156/215 [3:04:01<1:09:13, 70.41s/ep] TrnAcc=0.972 ValAcc=0.881 TrnLoss=0.144 ValLoss=0.541 
 73%|#####1 | 157/215 [3:05:15<1:09:07, 71.51s/ep] TrnAcc=0.978 ValAcc=0.887 TrnLoss=0.127 ValLoss=0.535 
 73%|#####1 | 158/215 [3:06:27<1:07:58, 71.55s/ep] TrnAcc=0.978 ValAcc=0.856 TrnLoss=0.131 ValLoss=0.546 
 74%|#####1 | 159/215 [3:07:39<1:07:02, 71.83s/ep] TrnAcc=0.983 ValAcc=0.875 TrnLoss=0.131 ValLoss=0.525 
 74%|#####2 | 160/215 [3:08:51<1:05:47, 71.77s/ep] TrnAcc=0.972 ValAcc=0.863 TrnLoss=0.133 ValLoss=0.522 
 75%|#####2 | 161/215 [3:10:02<1:04:29, 71.66s/ep] TrnAcc=0.982 ValAcc=0.869 TrnLoss=0.119 ValLoss=0.549 
 75%|#####2 | 162/215 [3:11:12<1:02:47, 71.08s/ep] TrnAcc=0.970 ValAcc=0.887 TrnLoss=0.142 ValLoss=0.533 
 76%|#####3 | 163/215 [3:12:23<1:01:37, 71.11s/ep] TrnAcc=0.975 ValAcc=0.869 TrnLoss=0.132 ValLoss=0.532 
 76%|#####3 | 164/215 [3:13:35<1:00:30, 71.19s/ep] TrnAcc=0.978 ValAcc=0.875 TrnLoss=0.136 ValLoss=0.540 
 77%|######9  | 165/215 [3:14:46<59:20, 71.21s/ep] TrnAcc=0.981 ValAcc=0.856 TrnLoss=0.124 ValLoss=0.569 
 77%|######9  | 166/215 [3:15:57<58:09, 71.22s/ep] TrnAcc=0.982 ValAcc=0.869 TrnLoss=0.125 ValLoss=0.534 
 78%|######9  | 167/215 [3:17:09<57:01, 71.29s/ep] TrnAcc=0.975 ValAcc=0.894 TrnLoss=0.140 ValLoss=0.516 < 0.518 --> checkpoint
 78%|#######  | 168/215 [3:18:21<56:05, 71.61s/ep] TrnAcc=0.974 ValAcc=0.869 TrnLoss=0.129 ValLoss=0.539 
 79%|#######  | 169/215 [3:19:33<54:58, 71.70s/ep] TrnAcc=0.974 ValAcc=0.881 TrnLoss=0.134 ValLoss=0.517 
 79%|#######1 | 170/215 [3:20:43<53:31, 71.37s/ep] TrnAcc=0.984 ValAcc=0.894 TrnLoss=0.121 ValLoss=0.540 
 80%|#######1 | 171/215 [3:21:56<52:32, 71.65s/ep] TrnAcc=0.977 ValAcc=0.881 TrnLoss=0.130 ValLoss=0.535 
 80%|#######2 | 172/215 [3:23:09<51:39, 72.09s/ep] TrnAcc=0.973 ValAcc=0.881 TrnLoss=0.130 ValLoss=0.512 < 0.516 --> checkpoint
 80%|#######2 | 173/215 [3:24:20<50:11, 71.70s/ep] TrnAcc=0.980 ValAcc=0.881 TrnLoss=0.134 ValLoss=0.541 
 81%|#######2 | 174/215 [3:25:31<48:50, 71.47s/ep] TrnAcc=0.980 ValAcc=0.881 TrnLoss=0.118 ValLoss=0.523 
 81%|#######3 | 175/215 [3:26:40<47:19, 70.98s/ep] TrnAcc=0.985 ValAcc=0.881 TrnLoss=0.113 ValLoss=0.515 
 82%|#######3 | 176/215 [3:27:51<45:57, 70.71s/ep] TrnAcc=0.982 ValAcc=0.887 TrnLoss=0.122 ValLoss=0.534 
 82%|#######4 | 177/215 [3:29:01<44:49, 70.78s/ep] TrnAcc=0.979 ValAcc=0.875 TrnLoss=0.123 ValLoss=0.531 
 83%|#######4 | 178/215 [3:30:12<43:31, 70.57s/ep] TrnAcc=0.982 ValAcc=0.887 TrnLoss=0.111 ValLoss=0.520 
 83%|#######4 | 179/215 [3:31:23<42:28, 70.79s/ep] TrnAcc=0.975 ValAcc=0.887 TrnLoss=0.125 ValLoss=0.528 
 84%|#######5 | 180/215 [3:32:32<41:02, 70.34s/ep] TrnAcc=0.975 ValAcc=0.863 TrnLoss=0.128 ValLoss=0.556 
 84%|#######5 | 181/215 [3:33:44<40:06, 70.78s/ep] TrnAcc=0.984 ValAcc=0.887 TrnLoss=0.122 ValLoss=0.519 
 85%|#######6 | 182/215 [3:34:55<38:58, 70.87s/ep] TrnAcc=0.974 ValAcc=0.887 TrnLoss=0.141 ValLoss=0.527 
 85%|#######6 | 183/215 [3:36:05<37:37, 70.53s/ep] TrnAcc=0.982 ValAcc=0.875 TrnLoss=0.121 ValLoss=0.517 
 86%|#######7 | 184/215 [3:37:17<36:37, 70.90s/ep] TrnAcc=0.975 ValAcc=0.887 TrnLoss=0.133 ValLoss=0.528 
 86%|#######7 | 185/215 [3:38:28<35:27, 70.92s/ep] TrnAcc=0.976 ValAcc=0.894 TrnLoss=0.125 ValLoss=0.511 
 87%|#######7 | 186/215 [3:39:39<34:22, 71.13s/ep] TrnAcc=0.983 ValAcc=0.887 TrnLoss=0.114 ValLoss=0.538 
 87%|#######8 | 187/215 [3:40:49<33:02, 70.80s/ep] TrnAcc=0.981 ValAcc=0.875 TrnLoss=0.122 ValLoss=0.530 
 87%|#######8 | 188/215 [3:41:59<31:45, 70.58s/ep] TrnAcc=0.980 ValAcc=0.881 TrnLoss=0.117 ValLoss=0.517 
 88%|#######9 | 189/215 [3:43:11<30:41, 70.82s/ep] TrnAcc=0.985 ValAcc=0.875 TrnLoss=0.105 ValLoss=0.532 
 88%|#######9 | 190/215 [3:44:22<29:37, 71.11s/ep] TrnAcc=0.983 ValAcc=0.875 TrnLoss=0.110 ValLoss=0.543 
 89%|#######9 | 191/215 [3:45:32<28:19, 70.79s/ep] TrnAcc=0.978 ValAcc=0.881 TrnLoss=0.125 ValLoss=0.545 
 89%|######## | 192/215 [3:46:43<27:03, 70.57s/ep] TrnAcc=0.978 ValAcc=0.894 TrnLoss=0.124 ValLoss=0.541 
 90%|######## | 193/215 [3:47:54<25:59, 70.88s/ep] TrnAcc=0.978 ValAcc=0.887 TrnLoss=0.112 ValLoss=0.530 
 90%|########1| 194/215 [3:49:05<24:49, 70.93s/ep] TrnAcc=0.976 ValAcc=0.869 TrnLoss=0.118 ValLoss=0.541 
 91%|########1| 195/215 [3:50:16<23:36, 70.85s/ep] TrnAcc=0.984 ValAcc=0.887 TrnLoss=0.109 ValLoss=0.527 
 91%|########2| 196/215 [3:51:25<22:16, 70.36s/ep] TrnAcc=0.984 ValAcc=0.881 TrnLoss=0.114 ValLoss=0.526 
 92%|########2| 197/215 [3:52:35<21:03, 70.22s/ep] TrnAcc=0.983 ValAcc=0.875 TrnLoss=0.114 ValLoss=0.509 < 0.512 --> checkpoint
 92%|########2| 198/215 [3:53:45<19:55, 70.32s/ep] TrnAcc=0.979 ValAcc=0.881 TrnLoss=0.115 ValLoss=0.513 
 93%|########3| 199/215 [3:54:54<18:36, 69.81s/ep] TrnAcc=0.981 ValAcc=0.887 TrnLoss=0.117 ValLoss=0.510 
 93%|########3| 200/215 [3:56:05<17:31, 70.08s/ep] TrnAcc=0.987 ValAcc=0.887 TrnLoss=0.108 ValLoss=0.523 
 93%|########4| 201/215 [3:57:15<16:19, 69.98s/ep] TrnAcc=0.981 ValAcc=0.881 TrnLoss=0.106 ValLoss=0.514 
 94%|########4| 202/215 [3:58:25<15:11, 70.11s/ep] TrnAcc=0.985 ValAcc=0.881 TrnLoss=0.107 ValLoss=0.518 
 94%|########4| 203/215 [3:59:37<14:06, 70.57s/ep] TrnAcc=0.979 ValAcc=0.875 TrnLoss=0.118 ValLoss=0.545 
 95%|########5| 204/215 [4:00:46<12:53, 70.34s/ep] TrnAcc=0.985 ValAcc=0.881 TrnLoss=0.108 ValLoss=0.546 
 95%|########5| 205/215 [4:01:58<11:46, 70.61s/ep] TrnAcc=0.983 ValAcc=0.887 TrnLoss=0.107 ValLoss=0.510 
 96%|########6| 206/215 [4:03:09<10:36, 70.78s/ep] TrnAcc=0.980 ValAcc=0.881 TrnLoss=0.122 ValLoss=0.530 
 96%|########6| 207/215 [4:04:19<09:24, 70.51s/ep] TrnAcc=0.988 ValAcc=0.875 TrnLoss=0.107 ValLoss=0.551 
 97%|########7| 208/215 [4:05:30<08:15, 70.77s/ep] TrnAcc=0.979 ValAcc=0.894 TrnLoss=0.121 ValLoss=0.527 
 97%|########7| 209/215 [4:06:39<07:02, 70.34s/ep] TrnAcc=0.982 ValAcc=0.887 TrnLoss=0.110 ValLoss=0.539 
 98%|########7| 210/215 [4:07:49<05:50, 70.11s/ep] TrnAcc=0.974 ValAcc=0.869 TrnLoss=0.133 ValLoss=0.534 
 98%|########8| 211/215 [4:08:58<04:39, 69.76s/ep] TrnAcc=0.978 ValAcc=0.881 TrnLoss=0.115 ValLoss=0.508 
 99%|########8| 212/215 [4:10:10<03:31, 70.48s/ep] TrnAcc=0.988 ValAcc=0.881 TrnLoss=0.111 ValLoss=0.507 
 99%|########9| 213/215 [4:11:23<02:22, 71.12s/ep] TrnAcc=0.987 ValAcc=0.869 TrnLoss=0.112 ValLoss=0.540 
100%|########9| 214/215 [4:12:33<01:10, 70.90s/ep] TrnAcc=0.981 ValAcc=0.887 TrnLoss=0.103 ValLoss=0.534 
100%|#########| 215/215 [4:13:44<00:00, 70.89s/ep] TrnAcc=0.988 ValAcc=0.881 TrnLoss=0.103 ValLoss=0.548 
100%|#########| 215/215 [4:13:44<00:00, 70.81s/ep]

test results/2024-05-20-08-24/4
TestAcc    0.843
TestLoss   0.574
dtype: float64

