*****
train folds are {1, 2, 3, 4} and test fold is {5}
random wave cropping

ResNet_3(BasicBlock_2, [3, 4, 2, 4])
*****

  0%|           | 1/215 [01:30<5:22:30, 90.42s/ep] TrnAcc=0.032 ValAcc=0.096 TrnLoss=3.979 ValLoss=3.546 < inf --> checkpoint
  1%|1          | 2/215 [02:43<4:43:57, 79.99s/ep] TrnAcc=0.090 ValAcc=0.175 TrnLoss=3.406 ValLoss=3.077 < 3.546 --> checkpoint
  1%|1          | 3/215 [03:57<4:33:01, 77.27s/ep] TrnAcc=0.152 ValAcc=0.179 TrnLoss=3.087 ValLoss=2.941 < 3.077 --> checkpoint
  2%|2          | 4/215 [05:10<4:26:31, 75.79s/ep] TrnAcc=0.212 ValAcc=0.279 TrnLoss=2.792 ValLoss=2.724 < 2.941 --> checkpoint
  2%|2          | 5/215 [06:24<4:22:16, 74.94s/ep] TrnAcc=0.263 ValAcc=0.287 TrnLoss=2.582 ValLoss=2.547 < 2.724 --> checkpoint
  3%|3          | 6/215 [07:35<4:17:20, 73.88s/ep] TrnAcc=0.338 ValAcc=0.404 TrnLoss=2.323 ValLoss=2.158 < 2.547 --> checkpoint
  3%|3          | 7/215 [08:49<4:15:41, 73.76s/ep] TrnAcc=0.384 ValAcc=0.362 TrnLoss=2.145 ValLoss=2.285 
  4%|4          | 8/215 [10:02<4:14:05, 73.65s/ep] TrnAcc=0.411 ValAcc=0.454 TrnLoss=2.010 ValLoss=1.831 < 2.158 --> checkpoint
  4%|4          | 9/215 [11:15<4:11:17, 73.19s/ep] TrnAcc=0.446 ValAcc=0.425 TrnLoss=1.874 ValLoss=1.954 
  5%|4         | 10/215 [12:28<4:10:19, 73.27s/ep] TrnAcc=0.478 ValAcc=0.492 TrnLoss=1.744 ValLoss=1.751 < 1.831 --> checkpoint
  5%|5         | 11/215 [13:41<4:09:23, 73.35s/ep] TrnAcc=0.502 ValAcc=0.471 TrnLoss=1.653 ValLoss=1.716 < 1.751 --> checkpoint
  6%|5         | 12/215 [14:53<4:06:43, 72.93s/ep] TrnAcc=0.537 ValAcc=0.512 TrnLoss=1.572 ValLoss=1.608 < 1.716 --> checkpoint
  6%|6         | 13/215 [16:06<4:05:16, 72.85s/ep] TrnAcc=0.539 ValAcc=0.537 TrnLoss=1.509 ValLoss=1.585 < 1.608 --> checkpoint
  7%|6         | 14/215 [17:18<4:02:57, 72.53s/ep] TrnAcc=0.571 ValAcc=0.562 TrnLoss=1.406 ValLoss=1.602 
  7%|6         | 15/215 [18:32<4:03:13, 72.97s/ep] TrnAcc=0.629 ValAcc=0.450 TrnLoss=1.302 ValLoss=2.035 
  7%|7         | 16/215 [19:45<4:02:24, 73.09s/ep] TrnAcc=0.617 ValAcc=0.562 TrnLoss=1.256 ValLoss=1.475 < 1.585 --> checkpoint
  8%|7         | 17/215 [20:57<4:00:03, 72.74s/ep] TrnAcc=0.615 ValAcc=0.567 TrnLoss=1.231 ValLoss=1.442 < 1.475 --> checkpoint
  8%|8         | 18/215 [22:09<3:58:07, 72.53s/ep] TrnAcc=0.643 ValAcc=0.604 TrnLoss=1.193 ValLoss=1.265 < 1.442 --> checkpoint
  9%|8         | 19/215 [23:21<3:56:30, 72.40s/ep] TrnAcc=0.662 ValAcc=0.625 TrnLoss=1.102 ValLoss=1.202 < 1.265 --> checkpoint
  9%|9         | 20/215 [24:33<3:54:47, 72.24s/ep] TrnAcc=0.655 ValAcc=0.600 TrnLoss=1.125 ValLoss=1.251 
 10%|9         | 21/215 [25:45<3:53:25, 72.19s/ep] TrnAcc=0.681 ValAcc=0.621 TrnLoss=1.066 ValLoss=1.425 
 10%|#         | 22/215 [26:58<3:52:43, 72.35s/ep] TrnAcc=0.701 ValAcc=0.654 TrnLoss=1.017 ValLoss=1.138 < 1.202 --> checkpoint
 11%|#         | 23/215 [28:11<3:52:02, 72.51s/ep] TrnAcc=0.690 ValAcc=0.654 TrnLoss=1.005 ValLoss=1.196 
 11%|#1        | 24/215 [29:24<3:51:15, 72.65s/ep] TrnAcc=0.724 ValAcc=0.625 TrnLoss=0.953 ValLoss=1.302 
 12%|#1        | 25/215 [30:37<3:50:33, 72.81s/ep] TrnAcc=0.732 ValAcc=0.554 TrnLoss=0.903 ValLoss=1.668 
 12%|#2        | 26/215 [31:50<3:49:13, 72.77s/ep] TrnAcc=0.761 ValAcc=0.658 TrnLoss=0.822 ValLoss=1.137 
 13%|#2        | 27/215 [33:01<3:46:47, 72.38s/ep] TrnAcc=0.749 ValAcc=0.692 TrnLoss=0.840 ValLoss=1.031 < 1.138 --> checkpoint
 13%|#3        | 28/215 [34:15<3:46:37, 72.71s/ep] TrnAcc=0.761 ValAcc=0.654 TrnLoss=0.812 ValLoss=1.146 
 13%|#3        | 29/215 [35:27<3:45:05, 72.61s/ep] TrnAcc=0.774 ValAcc=0.675 TrnLoss=0.765 ValLoss=1.123 
 14%|#3        | 30/215 [36:39<3:43:00, 72.33s/ep] TrnAcc=0.788 ValAcc=0.692 TrnLoss=0.718 ValLoss=0.988 < 1.031 --> checkpoint
 14%|#4        | 31/215 [37:52<3:42:47, 72.65s/ep] TrnAcc=0.771 ValAcc=0.650 TrnLoss=0.725 ValLoss=1.229 
 15%|#4        | 32/215 [39:04<3:41:02, 72.47s/ep] TrnAcc=0.796 ValAcc=0.733 TrnLoss=0.683 ValLoss=0.880 < 0.988 --> checkpoint
 15%|#5        | 33/215 [40:17<3:39:43, 72.43s/ep] TrnAcc=0.796 ValAcc=0.754 TrnLoss=0.689 ValLoss=0.961 
 16%|#5        | 34/215 [41:28<3:37:41, 72.16s/ep] TrnAcc=0.801 ValAcc=0.733 TrnLoss=0.649 ValLoss=0.907 
 16%|#6        | 35/215 [42:40<3:36:39, 72.22s/ep] TrnAcc=0.818 ValAcc=0.688 TrnLoss=0.634 ValLoss=1.159 
 17%|#6        | 36/215 [43:54<3:36:29, 72.57s/ep] TrnAcc=0.817 ValAcc=0.725 TrnLoss=0.616 ValLoss=0.966 
 17%|#7        | 37/215 [45:06<3:34:50, 72.42s/ep] TrnAcc=0.829 ValAcc=0.771 TrnLoss=0.588 ValLoss=0.893 
 18%|#7        | 38/215 [46:18<3:33:46, 72.47s/ep] TrnAcc=0.847 ValAcc=0.792 TrnLoss=0.539 ValLoss=0.780 < 0.880 --> checkpoint
 18%|#8        | 39/215 [47:32<3:33:38, 72.83s/ep] TrnAcc=0.861 ValAcc=0.596 TrnLoss=0.516 ValLoss=1.542 
 19%|#8        | 40/215 [48:44<3:31:28, 72.51s/ep] TrnAcc=0.830 ValAcc=0.758 TrnLoss=0.571 ValLoss=0.853 
 19%|#9        | 41/215 [49:56<3:30:19, 72.52s/ep] TrnAcc=0.855 ValAcc=0.796 TrnLoss=0.525 ValLoss=0.785 
 20%|#9        | 42/215 [51:09<3:28:43, 72.39s/ep] TrnAcc=0.853 ValAcc=0.783 TrnLoss=0.505 ValLoss=0.780 
 20%|##        | 43/215 [52:20<3:26:46, 72.13s/ep] TrnAcc=0.857 ValAcc=0.808 TrnLoss=0.494 ValLoss=0.777 < 0.780 --> checkpoint
 20%|##        | 44/215 [53:35<3:27:58, 72.98s/ep] TrnAcc=0.877 ValAcc=0.767 TrnLoss=0.453 ValLoss=0.862 
 21%|##        | 45/215 [54:50<3:28:17, 73.51s/ep] TrnAcc=0.876 ValAcc=0.738 TrnLoss=0.447 ValLoss=0.954 
 21%|##1       | 46/215 [56:01<3:24:51, 72.73s/ep] TrnAcc=0.872 ValAcc=0.804 TrnLoss=0.444 ValLoss=0.808 
 22%|##1       | 47/215 [57:12<3:22:22, 72.28s/ep] TrnAcc=0.885 ValAcc=0.787 TrnLoss=0.434 ValLoss=0.789 
 22%|##2       | 48/215 [58:25<3:21:55, 72.55s/ep] TrnAcc=0.874 ValAcc=0.454 TrnLoss=0.425 ValLoss=2.648 
 23%|##2       | 49/215 [59:37<3:20:15, 72.38s/ep] TrnAcc=0.870 ValAcc=0.742 TrnLoss=0.437 ValLoss=0.857 
 23%|#8      | 50/215 [1:00:49<3:19:01, 72.37s/ep] TrnAcc=0.890 ValAcc=0.796 TrnLoss=0.409 ValLoss=0.716 < 0.777 --> checkpoint
 24%|#8      | 51/215 [1:02:03<3:19:00, 72.81s/ep] TrnAcc=0.898 ValAcc=0.787 TrnLoss=0.425 ValLoss=0.779 
 24%|#9      | 52/215 [1:03:16<3:17:35, 72.73s/ep] TrnAcc=0.888 ValAcc=0.771 TrnLoss=0.401 ValLoss=0.866 
 25%|#9      | 53/215 [1:04:29<3:16:51, 72.91s/ep] TrnAcc=0.904 ValAcc=0.683 TrnLoss=0.371 ValLoss=1.297 
 25%|##      | 54/215 [1:05:40<3:13:54, 72.26s/ep] TrnAcc=0.891 ValAcc=0.812 TrnLoss=0.394 ValLoss=0.784 
 26%|##      | 55/215 [1:06:51<3:12:07, 72.05s/ep] TrnAcc=0.900 ValAcc=0.750 TrnLoss=0.366 ValLoss=0.926 
 26%|##      | 56/215 [1:08:03<3:10:30, 71.89s/ep] TrnAcc=0.925 ValAcc=0.796 TrnLoss=0.307 ValLoss=0.694 < 0.716 --> checkpoint
 27%|##1     | 57/215 [1:09:15<3:09:39, 72.03s/ep] TrnAcc=0.901 ValAcc=0.829 TrnLoss=0.356 ValLoss=0.651 < 0.694 --> checkpoint
 27%|##1     | 58/215 [1:10:28<3:09:22, 72.37s/ep] TrnAcc=0.915 ValAcc=0.821 TrnLoss=0.329 ValLoss=0.657 
 27%|##1     | 59/215 [1:11:39<3:06:58, 71.91s/ep] TrnAcc=0.912 ValAcc=0.829 TrnLoss=0.337 ValLoss=0.666 
 28%|##2     | 60/215 [1:12:52<3:06:10, 72.06s/ep] TrnAcc=0.901 ValAcc=0.692 TrnLoss=0.348 ValLoss=1.089 
 28%|##2     | 61/215 [1:14:05<3:06:05, 72.50s/ep] TrnAcc=0.912 ValAcc=0.754 TrnLoss=0.332 ValLoss=0.897 
 29%|##3     | 62/215 [1:15:18<3:04:46, 72.46s/ep] TrnAcc=0.920 ValAcc=0.838 TrnLoss=0.315 ValLoss=0.672 
 29%|##3     | 63/215 [1:16:29<3:02:53, 72.20s/ep] TrnAcc=0.924 ValAcc=0.825 TrnLoss=0.309 ValLoss=0.666 
 30%|##3     | 64/215 [1:17:42<3:01:56, 72.29s/ep] TrnAcc=0.929 ValAcc=0.713 TrnLoss=0.299 ValLoss=1.285 
 30%|##4     | 65/215 [1:18:52<2:59:01, 71.61s/ep] TrnAcc=0.912 ValAcc=0.775 TrnLoss=0.317 ValLoss=0.800 
 31%|##4     | 66/215 [1:20:04<2:58:26, 71.86s/ep] TrnAcc=0.928 ValAcc=0.846 TrnLoss=0.281 ValLoss=0.656 
 31%|##4     | 67/215 [1:21:16<2:57:26, 71.93s/ep] TrnAcc=0.927 ValAcc=0.833 TrnLoss=0.286 ValLoss=0.656 
 32%|##5     | 68/215 [1:22:29<2:56:55, 72.22s/ep] TrnAcc=0.943 ValAcc=0.821 TrnLoss=0.262 ValLoss=0.667 
 32%|##5     | 69/215 [1:23:43<2:57:00, 72.75s/ep] TrnAcc=0.937 ValAcc=0.838 TrnLoss=0.268 ValLoss=0.683 
 33%|##6     | 70/215 [1:24:55<2:55:22, 72.57s/ep] TrnAcc=0.926 ValAcc=0.846 TrnLoss=0.276 ValLoss=0.628 < 0.651 --> checkpoint
 33%|##6     | 71/215 [1:26:07<2:53:22, 72.24s/ep] TrnAcc=0.937 ValAcc=0.842 TrnLoss=0.253 ValLoss=0.619 < 0.628 --> checkpoint
 33%|##6     | 72/215 [1:27:16<2:49:53, 71.28s/ep] TrnAcc=0.944 ValAcc=0.833 TrnLoss=0.254 ValLoss=0.636 
 34%|##7     | 73/215 [1:28:28<2:49:30, 71.62s/ep] TrnAcc=0.946 ValAcc=0.833 TrnLoss=0.253 ValLoss=0.659 
 34%|##7     | 74/215 [1:29:41<2:49:12, 72.00s/ep] TrnAcc=0.949 ValAcc=0.792 TrnLoss=0.231 ValLoss=0.742 
 35%|##7     | 75/215 [1:30:54<2:48:37, 72.27s/ep] TrnAcc=0.940 ValAcc=0.825 TrnLoss=0.245 ValLoss=0.691 
 35%|##8     | 76/215 [1:32:06<2:46:53, 72.04s/ep] TrnAcc=0.954 ValAcc=0.863 TrnLoss=0.200 ValLoss=0.566 < 0.619 --> checkpoint
 36%|##8     | 77/215 [1:33:18<2:45:59, 72.17s/ep] TrnAcc=0.943 ValAcc=0.817 TrnLoss=0.238 ValLoss=0.722 
 36%|##9     | 78/215 [1:34:31<2:45:26, 72.45s/ep] TrnAcc=0.943 ValAcc=0.863 TrnLoss=0.231 ValLoss=0.663 
 37%|##9     | 79/215 [1:35:43<2:43:32, 72.15s/ep] TrnAcc=0.959 ValAcc=0.838 TrnLoss=0.218 ValLoss=0.645 
 37%|##9     | 80/215 [1:36:54<2:41:51, 71.94s/ep] TrnAcc=0.946 ValAcc=0.846 TrnLoss=0.238 ValLoss=0.662 
 38%|###     | 81/215 [1:38:06<2:40:26, 71.84s/ep] TrnAcc=0.937 ValAcc=0.838 TrnLoss=0.223 ValLoss=0.686 
 38%|###     | 82/215 [1:39:17<2:39:16, 71.85s/ep] TrnAcc=0.957 ValAcc=0.842 TrnLoss=0.201 ValLoss=0.625 
 39%|###     | 83/215 [1:40:29<2:37:38, 71.66s/ep] TrnAcc=0.954 ValAcc=0.833 TrnLoss=0.210 ValLoss=0.705 
 39%|###1    | 84/215 [1:41:41<2:36:41, 71.77s/ep] TrnAcc=0.962 ValAcc=0.829 TrnLoss=0.184 ValLoss=0.642 
 40%|###1    | 85/215 [1:42:53<2:35:48, 71.91s/ep] TrnAcc=0.943 ValAcc=0.838 TrnLoss=0.207 ValLoss=0.597 
 40%|###2    | 86/215 [1:44:05<2:34:25, 71.83s/ep] TrnAcc=0.952 ValAcc=0.833 TrnLoss=0.210 ValLoss=0.669 
 40%|###2    | 87/215 [1:45:17<2:33:54, 72.15s/ep] TrnAcc=0.951 ValAcc=0.858 TrnLoss=0.214 ValLoss=0.590 
 41%|###2    | 88/215 [1:46:29<2:32:37, 72.11s/ep] TrnAcc=0.957 ValAcc=0.812 TrnLoss=0.200 ValLoss=0.692 
 41%|###3    | 89/215 [1:47:42<2:31:29, 72.14s/ep] TrnAcc=0.968 ValAcc=0.833 TrnLoss=0.178 ValLoss=0.594 
 42%|###3    | 90/215 [1:48:55<2:30:45, 72.36s/ep] TrnAcc=0.949 ValAcc=0.846 TrnLoss=0.201 ValLoss=0.562 < 0.566 --> checkpoint
 42%|###3    | 91/215 [1:50:08<2:30:06, 72.63s/ep] TrnAcc=0.962 ValAcc=0.833 TrnLoss=0.187 ValLoss=0.592 
 43%|###4    | 92/215 [1:51:18<2:27:39, 72.03s/ep] TrnAcc=0.965 ValAcc=0.846 TrnLoss=0.178 ValLoss=0.623 
 43%|###4    | 93/215 [1:52:30<2:26:03, 71.83s/ep] TrnAcc=0.967 ValAcc=0.817 TrnLoss=0.162 ValLoss=0.715 
 44%|###4    | 94/215 [1:53:42<2:25:00, 71.91s/ep] TrnAcc=0.959 ValAcc=0.850 TrnLoss=0.187 ValLoss=0.542 < 0.562 --> checkpoint
 44%|###5    | 95/215 [1:54:53<2:23:34, 71.79s/ep] TrnAcc=0.967 ValAcc=0.838 TrnLoss=0.166 ValLoss=0.634 
 45%|###5    | 96/215 [1:56:06<2:22:35, 71.90s/ep] TrnAcc=0.970 ValAcc=0.846 TrnLoss=0.162 ValLoss=0.598 
 45%|###6    | 97/215 [1:57:18<2:21:49, 72.12s/ep] TrnAcc=0.960 ValAcc=0.829 TrnLoss=0.187 ValLoss=0.656 
 46%|###6    | 98/215 [1:58:28<2:19:12, 71.39s/ep] TrnAcc=0.963 ValAcc=0.842 TrnLoss=0.167 ValLoss=0.560 
 46%|###6    | 99/215 [1:59:39<2:17:51, 71.31s/ep] TrnAcc=0.965 ValAcc=0.850 TrnLoss=0.158 ValLoss=0.598 
 47%|###2   | 100/215 [2:00:49<2:15:43, 70.81s/ep] TrnAcc=0.975 ValAcc=0.854 TrnLoss=0.152 ValLoss=0.603 
 47%|###2   | 101/215 [2:02:00<2:14:40, 70.88s/ep] TrnAcc=0.976 ValAcc=0.842 TrnLoss=0.143 ValLoss=0.624 
 47%|###3   | 102/215 [2:03:13<2:14:47, 71.57s/ep] TrnAcc=0.964 ValAcc=0.829 TrnLoss=0.160 ValLoss=0.593 
 48%|###3   | 103/215 [2:04:24<2:13:34, 71.56s/ep] TrnAcc=0.974 ValAcc=0.812 TrnLoss=0.143 ValLoss=0.694 
 48%|###3   | 104/215 [2:05:37<2:12:52, 71.83s/ep] TrnAcc=0.968 ValAcc=0.867 TrnLoss=0.152 ValLoss=0.573 
 49%|###4   | 105/215 [2:06:50<2:12:27, 72.25s/ep] TrnAcc=0.977 ValAcc=0.829 TrnLoss=0.144 ValLoss=0.658 
 49%|###4   | 106/215 [2:08:01<2:10:43, 71.96s/ep] TrnAcc=0.968 ValAcc=0.850 TrnLoss=0.149 ValLoss=0.577 
 50%|###4   | 107/215 [2:09:13<2:09:28, 71.93s/ep] TrnAcc=0.979 ValAcc=0.883 TrnLoss=0.133 ValLoss=0.523 < 0.542 --> checkpoint
 50%|###5   | 108/215 [2:10:25<2:08:16, 71.93s/ep] TrnAcc=0.973 ValAcc=0.879 TrnLoss=0.142 ValLoss=0.512 < 0.523 --> checkpoint
 51%|###5   | 109/215 [2:11:39<2:07:48, 72.34s/ep] TrnAcc=0.972 ValAcc=0.825 TrnLoss=0.141 ValLoss=0.592 
 51%|###5   | 110/215 [2:12:51<2:06:38, 72.37s/ep] TrnAcc=0.972 ValAcc=0.850 TrnLoss=0.146 ValLoss=0.543 
 52%|###6   | 111/215 [2:14:02<2:04:59, 72.11s/ep] TrnAcc=0.978 ValAcc=0.850 TrnLoss=0.130 ValLoss=0.587 
 52%|###6   | 112/215 [2:15:14<2:03:26, 71.91s/ep] TrnAcc=0.982 ValAcc=0.825 TrnLoss=0.139 ValLoss=0.754 
 53%|###6   | 113/215 [2:16:24<2:01:33, 71.51s/ep] TrnAcc=0.974 ValAcc=0.850 TrnLoss=0.144 ValLoss=0.528 
 53%|###7   | 114/215 [2:17:36<2:00:36, 71.65s/ep] TrnAcc=0.974 ValAcc=0.817 TrnLoss=0.138 ValLoss=0.629 
 53%|###7   | 115/215 [2:18:47<1:58:57, 71.38s/ep] TrnAcc=0.970 ValAcc=0.854 TrnLoss=0.142 ValLoss=0.574 
 54%|###7   | 116/215 [2:19:59<1:58:04, 71.56s/ep] TrnAcc=0.974 ValAcc=0.842 TrnLoss=0.142 ValLoss=0.565 
 54%|###8   | 117/215 [2:21:11<1:57:12, 71.76s/ep] TrnAcc=0.975 ValAcc=0.863 TrnLoss=0.137 ValLoss=0.527 
 55%|###8   | 118/215 [2:22:23<1:55:54, 71.70s/ep] TrnAcc=0.979 ValAcc=0.863 TrnLoss=0.126 ValLoss=0.566 
 55%|###8   | 119/215 [2:23:35<1:54:53, 71.80s/ep] TrnAcc=0.977 ValAcc=0.854 TrnLoss=0.124 ValLoss=0.566 
 56%|###9   | 120/215 [2:24:46<1:53:26, 71.65s/ep] TrnAcc=0.972 ValAcc=0.833 TrnLoss=0.126 ValLoss=0.640 
 56%|###9   | 121/215 [2:25:59<1:52:40, 71.92s/ep] TrnAcc=0.982 ValAcc=0.858 TrnLoss=0.119 ValLoss=0.587 
 57%|###9   | 122/215 [2:27:12<1:51:49, 72.14s/ep] TrnAcc=0.982 ValAcc=0.842 TrnLoss=0.121 ValLoss=0.662 
 57%|####   | 123/215 [2:28:24<1:50:40, 72.18s/ep] TrnAcc=0.980 ValAcc=0.867 TrnLoss=0.116 ValLoss=0.573 
 58%|####   | 124/215 [2:29:36<1:49:29, 72.19s/ep] TrnAcc=0.985 ValAcc=0.842 TrnLoss=0.113 ValLoss=0.557 
 58%|####   | 125/215 [2:30:49<1:48:40, 72.45s/ep] TrnAcc=0.988 ValAcc=0.867 TrnLoss=0.103 ValLoss=0.516 
 59%|####1  | 126/215 [2:32:01<1:47:04, 72.19s/ep] TrnAcc=0.983 ValAcc=0.871 TrnLoss=0.111 ValLoss=0.581 
 59%|####1  | 127/215 [2:33:13<1:45:58, 72.26s/ep] TrnAcc=0.979 ValAcc=0.879 TrnLoss=0.118 ValLoss=0.562 
 60%|####1  | 128/215 [2:34:26<1:45:13, 72.57s/ep] TrnAcc=0.985 ValAcc=0.858 TrnLoss=0.100 ValLoss=0.550 
 60%|####2  | 129/215 [2:35:40<1:44:22, 72.81s/ep] TrnAcc=0.979 ValAcc=0.800 TrnLoss=0.123 ValLoss=0.885 
 60%|####2  | 130/215 [2:36:52<1:42:44, 72.52s/ep] TrnAcc=0.982 ValAcc=0.854 TrnLoss=0.112 ValLoss=0.570 
 61%|####2  | 131/215 [2:38:04<1:41:17, 72.35s/ep] TrnAcc=0.981 ValAcc=0.863 TrnLoss=0.110 ValLoss=0.552 
 61%|####2  | 132/215 [2:39:15<1:39:37, 72.02s/ep] TrnAcc=0.983 ValAcc=0.875 TrnLoss=0.110 ValLoss=0.587 
 62%|####3  | 133/215 [2:40:26<1:38:02, 71.74s/ep] TrnAcc=0.982 ValAcc=0.854 TrnLoss=0.104 ValLoss=0.603 
 62%|####3  | 134/215 [2:41:39<1:37:36, 72.31s/ep] TrnAcc=0.988 ValAcc=0.871 TrnLoss=0.102 ValLoss=0.596 
 63%|####3  | 135/215 [2:42:51<1:36:14, 72.18s/ep] TrnAcc=0.991 ValAcc=0.863 TrnLoss=0.093 ValLoss=0.538 
 63%|####4  | 136/215 [2:44:03<1:34:48, 72.01s/ep] TrnAcc=0.985 ValAcc=0.854 TrnLoss=0.100 ValLoss=0.525 
 64%|####4  | 137/215 [2:45:14<1:33:09, 71.67s/ep] TrnAcc=0.980 ValAcc=0.854 TrnLoss=0.102 ValLoss=0.570 
 64%|####4  | 138/215 [2:46:24<1:31:22, 71.21s/ep] TrnAcc=0.985 ValAcc=0.863 TrnLoss=0.110 ValLoss=0.580 
 65%|####5  | 139/215 [2:47:34<1:29:39, 70.78s/ep] TrnAcc=0.988 ValAcc=0.863 TrnLoss=0.101 ValLoss=0.568 
 65%|####5  | 140/215 [2:48:47<1:29:12, 71.37s/ep] TrnAcc=0.982 ValAcc=0.871 TrnLoss=0.109 ValLoss=0.554 
 66%|####5  | 141/215 [2:49:57<1:27:31, 70.96s/ep] TrnAcc=0.985 ValAcc=0.871 TrnLoss=0.095 ValLoss=0.543 
 66%|####6  | 142/215 [2:51:07<1:26:17, 70.93s/ep] TrnAcc=0.982 ValAcc=0.867 TrnLoss=0.109 ValLoss=0.540 
 67%|####6  | 143/215 [2:52:19<1:25:21, 71.13s/ep] TrnAcc=0.985 ValAcc=0.867 TrnLoss=0.105 ValLoss=0.535 
 67%|####6  | 144/215 [2:53:30<1:24:04, 71.05s/ep] TrnAcc=0.983 ValAcc=0.858 TrnLoss=0.099 ValLoss=0.558 
 67%|####7  | 145/215 [2:54:40<1:22:29, 70.71s/ep] TrnAcc=0.981 ValAcc=0.871 TrnLoss=0.108 ValLoss=0.518 
 68%|####7  | 146/215 [2:55:50<1:21:17, 70.69s/ep] TrnAcc=0.984 ValAcc=0.875 TrnLoss=0.094 ValLoss=0.561 
 68%|####7  | 147/215 [2:57:01<1:20:09, 70.73s/ep] TrnAcc=0.990 ValAcc=0.858 TrnLoss=0.090 ValLoss=0.543 
 69%|####8  | 148/215 [2:58:12<1:18:59, 70.74s/ep] TrnAcc=0.993 ValAcc=0.850 TrnLoss=0.075 ValLoss=0.585 
 69%|####8  | 149/215 [2:59:24<1:18:19, 71.20s/ep] TrnAcc=0.984 ValAcc=0.875 TrnLoss=0.093 ValLoss=0.524 
 70%|####8  | 150/215 [3:00:37<1:17:28, 71.52s/ep] TrnAcc=0.989 ValAcc=0.875 TrnLoss=0.099 ValLoss=0.538 
 70%|####9  | 151/215 [3:01:47<1:16:06, 71.35s/ep] TrnAcc=0.985 ValAcc=0.871 TrnLoss=0.098 ValLoss=0.535 
 71%|####9  | 152/215 [3:03:00<1:15:08, 71.56s/ep] TrnAcc=0.983 ValAcc=0.858 TrnLoss=0.095 ValLoss=0.521 
 71%|####9  | 153/215 [3:04:11<1:14:02, 71.65s/ep] TrnAcc=0.986 ValAcc=0.863 TrnLoss=0.092 ValLoss=0.542 
 72%|#####  | 154/215 [3:05:24<1:13:07, 71.92s/ep] TrnAcc=0.985 ValAcc=0.858 TrnLoss=0.094 ValLoss=0.581 
 72%|#####  | 155/215 [3:06:35<1:11:35, 71.60s/ep] TrnAcc=0.987 ValAcc=0.863 TrnLoss=0.092 ValLoss=0.544 
 73%|#####  | 156/215 [3:07:46<1:10:20, 71.53s/ep] TrnAcc=0.988 ValAcc=0.858 TrnLoss=0.089 ValLoss=0.533 
 73%|#####1 | 157/215 [3:08:58<1:09:18, 71.70s/ep] TrnAcc=0.983 ValAcc=0.871 TrnLoss=0.098 ValLoss=0.536 
 73%|#####1 | 158/215 [3:10:11<1:08:31, 72.14s/ep] TrnAcc=0.982 ValAcc=0.896 TrnLoss=0.091 ValLoss=0.490 < 0.512 --> checkpoint
 74%|#####1 | 159/215 [3:11:21<1:06:40, 71.44s/ep] TrnAcc=0.989 ValAcc=0.858 TrnLoss=0.089 ValLoss=0.532 
 74%|#####2 | 160/215 [3:12:30<1:04:42, 70.59s/ep] TrnAcc=0.985 ValAcc=0.875 TrnLoss=0.097 ValLoss=0.548 
 75%|#####2 | 161/215 [3:13:40<1:03:26, 70.49s/ep] TrnAcc=0.991 ValAcc=0.883 TrnLoss=0.086 ValLoss=0.505 
 75%|#####2 | 162/215 [3:14:51<1:02:20, 70.58s/ep] TrnAcc=0.993 ValAcc=0.875 TrnLoss=0.082 ValLoss=0.530 
 76%|#####3 | 163/215 [3:16:02<1:01:25, 70.88s/ep] TrnAcc=0.988 ValAcc=0.875 TrnLoss=0.086 ValLoss=0.522 
 76%|#####3 | 164/215 [3:17:14<1:00:20, 70.98s/ep] TrnAcc=0.987 ValAcc=0.875 TrnLoss=0.085 ValLoss=0.518 
 77%|######9  | 165/215 [3:18:27<59:46, 71.73s/ep] TrnAcc=0.988 ValAcc=0.863 TrnLoss=0.081 ValLoss=0.556 
 77%|######9  | 166/215 [3:19:38<58:19, 71.43s/ep] TrnAcc=0.993 ValAcc=0.871 TrnLoss=0.080 ValLoss=0.563 
 78%|######9  | 167/215 [3:20:50<57:12, 71.51s/ep] TrnAcc=0.992 ValAcc=0.875 TrnLoss=0.080 ValLoss=0.565 
 78%|#######  | 168/215 [3:22:01<55:56, 71.42s/ep] TrnAcc=0.989 ValAcc=0.850 TrnLoss=0.083 ValLoss=0.547 
 79%|#######  | 169/215 [3:23:11<54:30, 71.09s/ep] TrnAcc=0.989 ValAcc=0.883 TrnLoss=0.093 ValLoss=0.548 
 79%|#######1 | 170/215 [3:24:22<53:23, 71.18s/ep] TrnAcc=0.991 ValAcc=0.871 TrnLoss=0.077 ValLoss=0.545 
 80%|#######1 | 171/215 [3:25:33<52:04, 71.02s/ep] TrnAcc=0.985 ValAcc=0.896 TrnLoss=0.087 ValLoss=0.511 
 80%|#######2 | 172/215 [3:26:44<50:52, 70.99s/ep] TrnAcc=0.990 ValAcc=0.867 TrnLoss=0.077 ValLoss=0.524 
 80%|#######2 | 173/215 [3:27:55<49:37, 70.90s/ep] TrnAcc=0.988 ValAcc=0.871 TrnLoss=0.088 ValLoss=0.525 
 81%|#######2 | 174/215 [3:29:05<48:13, 70.58s/ep] TrnAcc=0.993 ValAcc=0.879 TrnLoss=0.075 ValLoss=0.485 < 0.490 --> checkpoint
 81%|#######3 | 175/215 [3:30:16<47:17, 70.93s/ep] TrnAcc=0.989 ValAcc=0.879 TrnLoss=0.079 ValLoss=0.500 
 82%|#######3 | 176/215 [3:31:25<45:43, 70.34s/ep] TrnAcc=0.991 ValAcc=0.883 TrnLoss=0.076 ValLoss=0.487 
 82%|#######4 | 177/215 [3:32:35<44:29, 70.24s/ep] TrnAcc=0.992 ValAcc=0.867 TrnLoss=0.073 ValLoss=0.524 
 83%|#######4 | 178/215 [3:33:44<43:04, 69.86s/ep] TrnAcc=0.992 ValAcc=0.858 TrnLoss=0.079 ValLoss=0.557 
 83%|#######4 | 179/215 [3:34:55<42:04, 70.12s/ep] TrnAcc=0.988 ValAcc=0.871 TrnLoss=0.085 ValLoss=0.531 
 84%|#######5 | 180/215 [3:36:06<41:04, 70.40s/ep] TrnAcc=0.993 ValAcc=0.875 TrnLoss=0.070 ValLoss=0.506 
 84%|#######5 | 181/215 [3:37:17<40:03, 70.68s/ep] TrnAcc=0.988 ValAcc=0.875 TrnLoss=0.083 ValLoss=0.519 
 85%|#######6 | 182/215 [3:38:28<38:52, 70.68s/ep] TrnAcc=0.994 ValAcc=0.875 TrnLoss=0.067 ValLoss=0.475 < 0.485 --> checkpoint
 85%|#######6 | 183/215 [3:39:39<37:48, 70.88s/ep] TrnAcc=0.990 ValAcc=0.858 TrnLoss=0.075 ValLoss=0.537 
 86%|#######7 | 184/215 [3:40:50<36:37, 70.88s/ep] TrnAcc=0.996 ValAcc=0.867 TrnLoss=0.072 ValLoss=0.500 
 86%|#######7 | 185/215 [3:42:03<35:40, 71.33s/ep] TrnAcc=0.996 ValAcc=0.867 TrnLoss=0.069 ValLoss=0.530 
 87%|#######7 | 186/215 [3:43:15<34:33, 71.48s/ep] TrnAcc=0.992 ValAcc=0.863 TrnLoss=0.075 ValLoss=0.574 
 87%|#######8 | 187/215 [3:44:24<33:07, 70.97s/ep] TrnAcc=0.992 ValAcc=0.887 TrnLoss=0.075 ValLoss=0.511 
 87%|#######8 | 188/215 [3:45:35<31:56, 70.96s/ep] TrnAcc=0.996 ValAcc=0.875 TrnLoss=0.067 ValLoss=0.500 
 88%|#######9 | 189/215 [3:46:47<30:49, 71.15s/ep] TrnAcc=0.988 ValAcc=0.871 TrnLoss=0.082 ValLoss=0.534 
 88%|#######9 | 190/215 [3:47:58<29:39, 71.18s/ep] TrnAcc=0.990 ValAcc=0.867 TrnLoss=0.081 ValLoss=0.513 
 89%|#######9 | 191/215 [3:49:10<28:32, 71.34s/ep] TrnAcc=0.990 ValAcc=0.883 TrnLoss=0.074 ValLoss=0.512 
 89%|######## | 192/215 [3:50:21<27:19, 71.30s/ep] TrnAcc=0.989 ValAcc=0.863 TrnLoss=0.083 ValLoss=0.559 
 90%|######## | 193/215 [3:51:33<26:10, 71.37s/ep] TrnAcc=0.998 ValAcc=0.858 TrnLoss=0.062 ValLoss=0.532 
 90%|########1| 194/215 [3:52:44<24:58, 71.36s/ep] TrnAcc=0.993 ValAcc=0.875 TrnLoss=0.066 ValLoss=0.521 
 91%|########1| 195/215 [3:53:53<23:35, 70.78s/ep] TrnAcc=0.990 ValAcc=0.838 TrnLoss=0.073 ValLoss=0.591 
 91%|########2| 196/215 [3:55:05<22:29, 71.02s/ep] TrnAcc=0.993 ValAcc=0.883 TrnLoss=0.078 ValLoss=0.519 
 92%|########2| 197/215 [3:56:16<21:19, 71.08s/ep] TrnAcc=0.989 ValAcc=0.875 TrnLoss=0.077 ValLoss=0.490 
 92%|########2| 198/215 [3:57:27<20:05, 70.92s/ep] TrnAcc=0.990 ValAcc=0.879 TrnLoss=0.072 ValLoss=0.527 
 93%|########3| 199/215 [3:58:37<18:53, 70.84s/ep] TrnAcc=0.993 ValAcc=0.863 TrnLoss=0.070 ValLoss=0.508 
 93%|########3| 200/215 [3:59:49<17:44, 70.97s/ep] TrnAcc=0.993 ValAcc=0.867 TrnLoss=0.072 ValLoss=0.516 
 93%|########4| 201/215 [4:01:01<16:40, 71.46s/ep] TrnAcc=0.991 ValAcc=0.863 TrnLoss=0.074 ValLoss=0.520 
 94%|########4| 202/215 [4:02:12<15:25, 71.20s/ep] TrnAcc=0.994 ValAcc=0.883 TrnLoss=0.068 ValLoss=0.494 
 94%|########4| 203/215 [4:03:24<14:16, 71.36s/ep] TrnAcc=0.995 ValAcc=0.871 TrnLoss=0.063 ValLoss=0.477 
 95%|########5| 204/215 [4:04:35<13:05, 71.44s/ep] TrnAcc=0.990 ValAcc=0.867 TrnLoss=0.075 ValLoss=0.559 
 95%|########5| 205/215 [4:05:46<11:53, 71.32s/ep] TrnAcc=0.997 ValAcc=0.879 TrnLoss=0.071 ValLoss=0.481 
 96%|########6| 206/215 [4:06:58<10:43, 71.52s/ep] TrnAcc=0.994 ValAcc=0.867 TrnLoss=0.069 ValLoss=0.507 
 96%|########6| 207/215 [4:08:10<09:33, 71.70s/ep] TrnAcc=0.992 ValAcc=0.883 TrnLoss=0.070 ValLoss=0.508 
 97%|########7| 208/215 [4:09:22<08:22, 71.76s/ep] TrnAcc=0.998 ValAcc=0.883 TrnLoss=0.057 ValLoss=0.507 
 97%|########7| 209/215 [4:10:35<07:12, 72.16s/ep] TrnAcc=0.995 ValAcc=0.883 TrnLoss=0.062 ValLoss=0.471 < 0.475 --> checkpoint
 98%|########7| 210/215 [4:11:48<06:01, 72.32s/ep] TrnAcc=0.993 ValAcc=0.875 TrnLoss=0.068 ValLoss=0.479 
 98%|########8| 211/215 [4:13:00<04:48, 72.19s/ep] TrnAcc=0.992 ValAcc=0.875 TrnLoss=0.064 ValLoss=0.488 
 99%|########8| 212/215 [4:14:13<03:37, 72.42s/ep] TrnAcc=0.993 ValAcc=0.871 TrnLoss=0.060 ValLoss=0.467 < 0.471 --> checkpoint
 99%|########9| 213/215 [4:15:27<02:25, 72.81s/ep] TrnAcc=0.995 ValAcc=0.875 TrnLoss=0.063 ValLoss=0.477 
100%|########9| 214/215 [4:16:39<01:12, 72.73s/ep] TrnAcc=0.998 ValAcc=0.883 TrnLoss=0.057 ValLoss=0.485 
100%|#########| 215/215 [4:17:53<00:00, 73.16s/ep] TrnAcc=0.993 ValAcc=0.883 TrnLoss=0.068 ValLoss=0.489 
100%|#########| 215/215 [4:17:53<00:00, 71.97s/ep]

test results/2024-05-27-08-21/5
TestAcc    0.762
TestLoss   0.855
dtype: float64

