*****
train folds are {1, 2, 4, 5} and test fold is {3}
random wave cropping

ResNet_3(BasicBlock_2, [3, 4, 2, 4])
*****

  0%|           | 1/215 [01:28<5:14:34, 88.20s/ep] TrnAcc=0.050 ValAcc=0.050 TrnLoss=3.953 ValLoss=3.551 < inf --> checkpoint
  1%|1          | 2/215 [02:40<4:39:43, 78.80s/ep] TrnAcc=0.096 ValAcc=0.146 TrnLoss=3.433 ValLoss=3.010 < 3.551 --> checkpoint
  1%|1          | 3/215 [03:51<4:25:23, 75.11s/ep] TrnAcc=0.148 ValAcc=0.150 TrnLoss=3.119 ValLoss=2.948 < 3.010 --> checkpoint
  2%|2          | 4/215 [05:02<4:19:04, 73.67s/ep] TrnAcc=0.232 ValAcc=0.246 TrnLoss=2.769 ValLoss=2.676 < 2.948 --> checkpoint
  2%|2          | 5/215 [06:14<4:16:13, 73.21s/ep] TrnAcc=0.283 ValAcc=0.250 TrnLoss=2.554 ValLoss=2.508 < 2.676 --> checkpoint
  3%|3          | 6/215 [07:27<4:14:40, 73.11s/ep] TrnAcc=0.343 ValAcc=0.358 TrnLoss=2.342 ValLoss=2.182 < 2.508 --> checkpoint
  3%|3          | 7/215 [08:41<4:13:40, 73.17s/ep] TrnAcc=0.386 ValAcc=0.479 TrnLoss=2.147 ValLoss=1.922 < 2.182 --> checkpoint
  4%|4          | 8/215 [09:53<4:11:44, 72.97s/ep] TrnAcc=0.418 ValAcc=0.342 TrnLoss=1.967 ValLoss=2.190 
  4%|4          | 9/215 [11:08<4:12:08, 73.44s/ep] TrnAcc=0.450 ValAcc=0.500 TrnLoss=1.861 ValLoss=1.709 < 1.922 --> checkpoint
  5%|4         | 10/215 [12:20<4:09:39, 73.07s/ep] TrnAcc=0.495 ValAcc=0.475 TrnLoss=1.727 ValLoss=1.904 
  5%|5         | 11/215 [13:32<4:07:52, 72.90s/ep] TrnAcc=0.507 ValAcc=0.562 TrnLoss=1.627 ValLoss=1.538 < 1.709 --> checkpoint
  6%|5         | 12/215 [14:44<4:04:50, 72.36s/ep] TrnAcc=0.523 ValAcc=0.537 TrnLoss=1.601 ValLoss=1.573 
  6%|6         | 13/215 [15:56<4:03:55, 72.45s/ep] TrnAcc=0.577 ValAcc=0.517 TrnLoss=1.452 ValLoss=1.594 
  7%|6         | 14/215 [17:09<4:03:18, 72.63s/ep] TrnAcc=0.571 ValAcc=0.604 TrnLoss=1.448 ValLoss=1.250 < 1.538 --> checkpoint
  7%|6         | 15/215 [18:23<4:03:29, 73.05s/ep] TrnAcc=0.603 ValAcc=0.550 TrnLoss=1.324 ValLoss=1.489 
  7%|7         | 16/215 [19:38<4:03:58, 73.56s/ep] TrnAcc=0.601 ValAcc=0.596 TrnLoss=1.267 ValLoss=1.269 
  8%|7         | 17/215 [20:50<4:01:24, 73.16s/ep] TrnAcc=0.647 ValAcc=0.554 TrnLoss=1.192 ValLoss=1.460 
  8%|8         | 18/215 [22:05<4:01:17, 73.49s/ep] TrnAcc=0.642 ValAcc=0.613 TrnLoss=1.181 ValLoss=1.277 
  9%|8         | 19/215 [23:18<4:00:10, 73.52s/ep] TrnAcc=0.685 ValAcc=0.658 TrnLoss=1.080 ValLoss=1.125 < 1.250 --> checkpoint
  9%|9         | 20/215 [24:31<3:58:30, 73.39s/ep] TrnAcc=0.669 ValAcc=0.617 TrnLoss=1.076 ValLoss=1.245 
 10%|9         | 21/215 [25:45<3:57:18, 73.40s/ep] TrnAcc=0.697 ValAcc=0.646 TrnLoss=1.005 ValLoss=1.070 < 1.125 --> checkpoint
 10%|#         | 22/215 [26:57<3:55:01, 73.06s/ep] TrnAcc=0.706 ValAcc=0.613 TrnLoss=0.986 ValLoss=1.299 
 11%|#         | 23/215 [28:09<3:52:39, 72.71s/ep] TrnAcc=0.729 ValAcc=0.617 TrnLoss=0.905 ValLoss=1.166 
 11%|#1        | 24/215 [29:22<3:51:53, 72.85s/ep] TrnAcc=0.711 ValAcc=0.583 TrnLoss=0.957 ValLoss=1.280 
 12%|#1        | 25/215 [30:33<3:49:16, 72.40s/ep] TrnAcc=0.729 ValAcc=0.671 TrnLoss=0.867 ValLoss=1.020 < 1.070 --> checkpoint
 12%|#2        | 26/215 [31:46<3:47:51, 72.34s/ep] TrnAcc=0.750 ValAcc=0.758 TrnLoss=0.829 ValLoss=0.911 < 1.020 --> checkpoint
 13%|#2        | 27/215 [32:59<3:47:33, 72.62s/ep] TrnAcc=0.758 ValAcc=0.717 TrnLoss=0.818 ValLoss=0.943 
 13%|#3        | 28/215 [34:10<3:44:43, 72.11s/ep] TrnAcc=0.760 ValAcc=0.742 TrnLoss=0.779 ValLoss=0.923 
 13%|#3        | 29/215 [35:20<3:42:00, 71.62s/ep] TrnAcc=0.798 ValAcc=0.725 TrnLoss=0.732 ValLoss=0.909 < 0.911 --> checkpoint
 14%|#3        | 30/215 [36:30<3:38:54, 71.00s/ep] TrnAcc=0.784 ValAcc=0.762 TrnLoss=0.733 ValLoss=0.833 < 0.909 --> checkpoint
 14%|#4        | 31/215 [37:41<3:37:37, 70.96s/ep] TrnAcc=0.776 ValAcc=0.700 TrnLoss=0.742 ValLoss=1.010 
 15%|#4        | 32/215 [38:52<3:36:29, 70.98s/ep] TrnAcc=0.807 ValAcc=0.742 TrnLoss=0.663 ValLoss=0.931 
 15%|#5        | 33/215 [40:02<3:34:45, 70.80s/ep] TrnAcc=0.814 ValAcc=0.738 TrnLoss=0.622 ValLoss=0.868 
 16%|#5        | 34/215 [41:13<3:34:02, 70.95s/ep] TrnAcc=0.811 ValAcc=0.742 TrnLoss=0.644 ValLoss=0.904 
 16%|#6        | 35/215 [42:25<3:33:47, 71.27s/ep] TrnAcc=0.824 ValAcc=0.708 TrnLoss=0.615 ValLoss=0.894 
 17%|#6        | 36/215 [43:36<3:32:28, 71.22s/ep] TrnAcc=0.832 ValAcc=0.762 TrnLoss=0.572 ValLoss=0.813 < 0.833 --> checkpoint
 17%|#7        | 37/215 [44:49<3:32:05, 71.49s/ep] TrnAcc=0.840 ValAcc=0.721 TrnLoss=0.545 ValLoss=1.029 
 18%|#7        | 38/215 [46:01<3:32:03, 71.88s/ep] TrnAcc=0.843 ValAcc=0.754 TrnLoss=0.545 ValLoss=0.782 < 0.813 --> checkpoint
 18%|#8        | 39/215 [47:15<3:32:01, 72.28s/ep] TrnAcc=0.847 ValAcc=0.721 TrnLoss=0.531 ValLoss=0.976 
 19%|#8        | 40/215 [48:26<3:30:27, 72.15s/ep] TrnAcc=0.831 ValAcc=0.733 TrnLoss=0.564 ValLoss=0.891 
 19%|#9        | 41/215 [49:39<3:29:37, 72.28s/ep] TrnAcc=0.862 ValAcc=0.792 TrnLoss=0.481 ValLoss=0.750 < 0.782 --> checkpoint
 20%|#9        | 42/215 [50:52<3:28:50, 72.43s/ep] TrnAcc=0.854 ValAcc=0.800 TrnLoss=0.501 ValLoss=0.740 < 0.750 --> checkpoint
 20%|##        | 43/215 [52:04<3:27:30, 72.39s/ep] TrnAcc=0.848 ValAcc=0.792 TrnLoss=0.513 ValLoss=0.693 < 0.740 --> checkpoint
 20%|##        | 44/215 [53:18<3:27:14, 72.72s/ep] TrnAcc=0.877 ValAcc=0.779 TrnLoss=0.463 ValLoss=0.725 
 21%|##        | 45/215 [54:30<3:25:31, 72.54s/ep] TrnAcc=0.882 ValAcc=0.704 TrnLoss=0.437 ValLoss=1.016 
 21%|##1       | 46/215 [55:42<3:23:47, 72.35s/ep] TrnAcc=0.882 ValAcc=0.800 TrnLoss=0.416 ValLoss=0.748 
 22%|##1       | 47/215 [56:54<3:22:53, 72.46s/ep] TrnAcc=0.889 ValAcc=0.787 TrnLoss=0.416 ValLoss=0.770 
 22%|##2       | 48/215 [58:06<3:21:13, 72.30s/ep] TrnAcc=0.860 ValAcc=0.754 TrnLoss=0.450 ValLoss=0.837 
 23%|##2       | 49/215 [59:16<3:18:06, 71.60s/ep] TrnAcc=0.876 ValAcc=0.792 TrnLoss=0.424 ValLoss=0.723 
 23%|#8      | 50/215 [1:00:28<3:17:17, 71.74s/ep] TrnAcc=0.892 ValAcc=0.783 TrnLoss=0.392 ValLoss=0.781 
 24%|#8      | 51/215 [1:01:41<3:17:06, 72.11s/ep] TrnAcc=0.854 ValAcc=0.721 TrnLoss=0.463 ValLoss=1.020 
 24%|#9      | 52/215 [1:02:52<3:14:25, 71.57s/ep] TrnAcc=0.891 ValAcc=0.787 TrnLoss=0.389 ValLoss=0.768 
 25%|#9      | 53/215 [1:04:03<3:13:05, 71.51s/ep] TrnAcc=0.893 ValAcc=0.800 TrnLoss=0.376 ValLoss=0.713 
 25%|##      | 54/215 [1:05:15<3:12:41, 71.81s/ep] TrnAcc=0.901 ValAcc=0.779 TrnLoss=0.360 ValLoss=0.692 
 26%|##      | 55/215 [1:06:28<3:12:00, 72.00s/ep] TrnAcc=0.907 ValAcc=0.787 TrnLoss=0.346 ValLoss=0.764 
 26%|##      | 56/215 [1:07:42<3:12:10, 72.52s/ep] TrnAcc=0.907 ValAcc=0.817 TrnLoss=0.358 ValLoss=0.715 
 27%|##1     | 57/215 [1:08:54<3:10:30, 72.35s/ep] TrnAcc=0.918 ValAcc=0.750 TrnLoss=0.342 ValLoss=0.853 
 27%|##1     | 58/215 [1:10:06<3:09:00, 72.23s/ep] TrnAcc=0.918 ValAcc=0.829 TrnLoss=0.314 ValLoss=0.632 < 0.693 --> checkpoint
 27%|##1     | 59/215 [1:11:15<3:05:50, 71.48s/ep] TrnAcc=0.911 ValAcc=0.812 TrnLoss=0.340 ValLoss=0.694 
 28%|##2     | 60/215 [1:12:25<3:03:00, 70.84s/ep] TrnAcc=0.897 ValAcc=0.787 TrnLoss=0.357 ValLoss=0.781 
 28%|##2     | 61/215 [1:13:35<3:01:05, 70.56s/ep] TrnAcc=0.919 ValAcc=0.825 TrnLoss=0.302 ValLoss=0.636 
 29%|##3     | 62/215 [1:14:44<2:58:56, 70.17s/ep] TrnAcc=0.929 ValAcc=0.808 TrnLoss=0.298 ValLoss=0.691 
 29%|##3     | 63/215 [1:15:53<2:57:17, 69.98s/ep] TrnAcc=0.926 ValAcc=0.821 TrnLoss=0.287 ValLoss=0.620 < 0.632 --> checkpoint
 30%|##3     | 64/215 [1:17:04<2:56:34, 70.16s/ep] TrnAcc=0.931 ValAcc=0.787 TrnLoss=0.275 ValLoss=0.725 
 30%|##4     | 65/215 [1:18:13<2:54:46, 69.91s/ep] TrnAcc=0.935 ValAcc=0.817 TrnLoss=0.267 ValLoss=0.663 
 31%|##4     | 66/215 [1:19:22<2:52:55, 69.64s/ep] TrnAcc=0.926 ValAcc=0.838 TrnLoss=0.294 ValLoss=0.641 
 31%|##4     | 67/215 [1:20:33<2:52:37, 69.98s/ep] TrnAcc=0.924 ValAcc=0.825 TrnLoss=0.292 ValLoss=0.603 < 0.620 --> checkpoint
 32%|##5     | 68/215 [1:21:46<2:53:28, 70.80s/ep] TrnAcc=0.937 ValAcc=0.821 TrnLoss=0.258 ValLoss=0.675 
 32%|##5     | 69/215 [1:22:59<2:54:15, 71.61s/ep] TrnAcc=0.934 ValAcc=0.808 TrnLoss=0.257 ValLoss=0.653 
 33%|##6     | 70/215 [1:24:08<2:51:07, 70.81s/ep] TrnAcc=0.925 ValAcc=0.738 TrnLoss=0.272 ValLoss=0.925 
 33%|##6     | 71/215 [1:25:17<2:48:46, 70.33s/ep] TrnAcc=0.923 ValAcc=0.796 TrnLoss=0.270 ValLoss=0.701 
 33%|##6     | 72/215 [1:26:28<2:48:04, 70.52s/ep] TrnAcc=0.935 ValAcc=0.821 TrnLoss=0.261 ValLoss=0.620 
 34%|##7     | 73/215 [1:27:39<2:47:00, 70.57s/ep] TrnAcc=0.935 ValAcc=0.800 TrnLoss=0.248 ValLoss=0.784 
 34%|##7     | 74/215 [1:28:50<2:45:53, 70.59s/ep] TrnAcc=0.948 ValAcc=0.833 TrnLoss=0.237 ValLoss=0.618 
 35%|##7     | 75/215 [1:30:00<2:44:32, 70.52s/ep] TrnAcc=0.947 ValAcc=0.796 TrnLoss=0.223 ValLoss=0.757 
 35%|##8     | 76/215 [1:31:12<2:44:14, 70.90s/ep] TrnAcc=0.943 ValAcc=0.800 TrnLoss=0.244 ValLoss=0.669 
 36%|##8     | 77/215 [1:32:23<2:43:07, 70.92s/ep] TrnAcc=0.949 ValAcc=0.829 TrnLoss=0.240 ValLoss=0.598 < 0.603 --> checkpoint
 36%|##9     | 78/215 [1:33:32<2:40:55, 70.48s/ep] TrnAcc=0.950 ValAcc=0.850 TrnLoss=0.203 ValLoss=0.629 
 37%|##9     | 79/215 [1:34:41<2:38:52, 70.09s/ep] TrnAcc=0.953 ValAcc=0.804 TrnLoss=0.213 ValLoss=0.701 
 37%|##9     | 80/215 [1:35:50<2:36:55, 69.74s/ep] TrnAcc=0.950 ValAcc=0.825 TrnLoss=0.224 ValLoss=0.640 
 38%|###     | 81/215 [1:37:01<2:36:23, 70.02s/ep] TrnAcc=0.958 ValAcc=0.825 TrnLoss=0.211 ValLoss=0.598 
 38%|###     | 82/215 [1:38:09<2:34:03, 69.50s/ep] TrnAcc=0.964 ValAcc=0.821 TrnLoss=0.172 ValLoss=0.651 
 39%|###     | 83/215 [1:39:19<2:33:10, 69.62s/ep] TrnAcc=0.951 ValAcc=0.817 TrnLoss=0.210 ValLoss=0.643 
 39%|###1    | 84/215 [1:40:29<2:32:08, 69.68s/ep] TrnAcc=0.959 ValAcc=0.829 TrnLoss=0.195 ValLoss=0.620 
 40%|###1    | 85/215 [1:41:39<2:31:01, 69.71s/ep] TrnAcc=0.959 ValAcc=0.767 TrnLoss=0.196 ValLoss=0.763 
 40%|###2    | 86/215 [1:42:48<2:29:27, 69.52s/ep] TrnAcc=0.961 ValAcc=0.825 TrnLoss=0.179 ValLoss=0.599 
 40%|###2    | 87/215 [1:43:59<2:29:28, 70.07s/ep] TrnAcc=0.960 ValAcc=0.829 TrnLoss=0.179 ValLoss=0.619 
 41%|###2    | 88/215 [1:45:07<2:26:49, 69.37s/ep] TrnAcc=0.965 ValAcc=0.821 TrnLoss=0.169 ValLoss=0.646 
 41%|###3    | 89/215 [1:46:17<2:26:05, 69.57s/ep] TrnAcc=0.963 ValAcc=0.817 TrnLoss=0.183 ValLoss=0.649 
 42%|###3    | 90/215 [1:47:26<2:24:43, 69.47s/ep] TrnAcc=0.963 ValAcc=0.821 TrnLoss=0.180 ValLoss=0.633 
 42%|###3    | 91/215 [1:48:37<2:24:16, 69.81s/ep] TrnAcc=0.967 ValAcc=0.821 TrnLoss=0.174 ValLoss=0.581 < 0.598 --> checkpoint
 43%|###4    | 92/215 [1:49:45<2:22:06, 69.32s/ep] TrnAcc=0.963 ValAcc=0.833 TrnLoss=0.180 ValLoss=0.624 
 43%|###4    | 93/215 [1:50:56<2:21:41, 69.68s/ep] TrnAcc=0.968 ValAcc=0.783 TrnLoss=0.171 ValLoss=0.726 
 44%|###4    | 94/215 [1:52:05<2:20:26, 69.64s/ep] TrnAcc=0.957 ValAcc=0.838 TrnLoss=0.184 ValLoss=0.671 
 44%|###5    | 95/215 [1:53:14<2:19:01, 69.51s/ep] TrnAcc=0.960 ValAcc=0.800 TrnLoss=0.174 ValLoss=0.580 
 45%|###5    | 96/215 [1:54:25<2:18:21, 69.76s/ep] TrnAcc=0.967 ValAcc=0.812 TrnLoss=0.169 ValLoss=0.676 
 45%|###6    | 97/215 [1:55:36<2:18:03, 70.20s/ep] TrnAcc=0.974 ValAcc=0.804 TrnLoss=0.150 ValLoss=0.600 
 46%|###6    | 98/215 [1:56:47<2:17:33, 70.55s/ep] TrnAcc=0.974 ValAcc=0.833 TrnLoss=0.142 ValLoss=0.573 < 0.581 --> checkpoint
 46%|###6    | 99/215 [1:57:58<2:16:32, 70.62s/ep] TrnAcc=0.977 ValAcc=0.804 TrnLoss=0.133 ValLoss=0.659 
 47%|###2   | 100/215 [1:59:07<2:14:13, 70.03s/ep] TrnAcc=0.974 ValAcc=0.854 TrnLoss=0.154 ValLoss=0.555 < 0.573 --> checkpoint
 47%|###2   | 101/215 [2:00:16<2:12:47, 69.89s/ep] TrnAcc=0.956 ValAcc=0.812 TrnLoss=0.170 ValLoss=0.642 
 47%|###3   | 102/215 [2:01:27<2:12:18, 70.25s/ep] TrnAcc=0.963 ValAcc=0.821 TrnLoss=0.174 ValLoss=0.715 
 48%|###3   | 103/215 [2:02:39<2:11:47, 70.60s/ep] TrnAcc=0.968 ValAcc=0.808 TrnLoss=0.160 ValLoss=0.631 
 48%|###3   | 104/215 [2:03:49<2:10:13, 70.39s/ep] TrnAcc=0.978 ValAcc=0.817 TrnLoss=0.138 ValLoss=0.680 
 49%|###4   | 105/215 [2:04:58<2:08:36, 70.15s/ep] TrnAcc=0.979 ValAcc=0.829 TrnLoss=0.127 ValLoss=0.587 
 49%|###4   | 106/215 [2:06:08<2:07:03, 69.94s/ep] TrnAcc=0.978 ValAcc=0.833 TrnLoss=0.134 ValLoss=0.604 
 50%|###4   | 107/215 [2:07:18<2:05:56, 69.97s/ep] TrnAcc=0.975 ValAcc=0.817 TrnLoss=0.124 ValLoss=0.580 
 50%|###5   | 108/215 [2:08:28<2:04:51, 70.01s/ep] TrnAcc=0.972 ValAcc=0.846 TrnLoss=0.150 ValLoss=0.569 
 51%|###5   | 109/215 [2:09:39<2:04:06, 70.25s/ep] TrnAcc=0.974 ValAcc=0.842 TrnLoss=0.153 ValLoss=0.551 < 0.555 --> checkpoint
 51%|###5   | 110/215 [2:10:49<2:02:47, 70.17s/ep] TrnAcc=0.974 ValAcc=0.833 TrnLoss=0.129 ValLoss=0.555 
 52%|###6   | 111/215 [2:11:59<2:01:55, 70.34s/ep] TrnAcc=0.978 ValAcc=0.808 TrnLoss=0.134 ValLoss=0.576 
 52%|###6   | 112/215 [2:13:07<1:59:28, 69.59s/ep] TrnAcc=0.981 ValAcc=0.846 TrnLoss=0.130 ValLoss=0.558 
 53%|###6   | 113/215 [2:14:17<1:58:32, 69.73s/ep] TrnAcc=0.977 ValAcc=0.825 TrnLoss=0.129 ValLoss=0.583 
 53%|###7   | 114/215 [2:15:28<1:57:43, 69.94s/ep] TrnAcc=0.971 ValAcc=0.842 TrnLoss=0.134 ValLoss=0.553 
 53%|###7   | 115/215 [2:16:39<1:57:01, 70.22s/ep] TrnAcc=0.972 ValAcc=0.842 TrnLoss=0.131 ValLoss=0.573 
 54%|###7   | 116/215 [2:17:50<1:56:29, 70.60s/ep] TrnAcc=0.968 ValAcc=0.829 TrnLoss=0.153 ValLoss=0.651 
 54%|###8   | 117/215 [2:18:59<1:54:28, 70.08s/ep] TrnAcc=0.969 ValAcc=0.833 TrnLoss=0.142 ValLoss=0.595 
 55%|###8   | 118/215 [2:20:09<1:53:12, 70.02s/ep] TrnAcc=0.979 ValAcc=0.779 TrnLoss=0.132 ValLoss=0.785 
 55%|###8   | 119/215 [2:21:21<1:53:12, 70.75s/ep] TrnAcc=0.974 ValAcc=0.825 TrnLoss=0.139 ValLoss=0.636 
 56%|###9   | 120/215 [2:22:32<1:51:49, 70.63s/ep] TrnAcc=0.971 ValAcc=0.833 TrnLoss=0.136 ValLoss=0.561 
 56%|###9   | 121/215 [2:23:42<1:50:39, 70.63s/ep] TrnAcc=0.973 ValAcc=0.821 TrnLoss=0.135 ValLoss=0.561 
 57%|###9   | 122/215 [2:24:52<1:49:09, 70.42s/ep] TrnAcc=0.977 ValAcc=0.842 TrnLoss=0.129 ValLoss=0.535 < 0.551 --> checkpoint
 57%|####   | 123/215 [2:26:02<1:47:33, 70.15s/ep] TrnAcc=0.972 ValAcc=0.846 TrnLoss=0.146 ValLoss=0.556 
 58%|####   | 124/215 [2:27:11<1:46:04, 69.94s/ep] TrnAcc=0.974 ValAcc=0.829 TrnLoss=0.142 ValLoss=0.563 
 58%|####   | 125/215 [2:28:20<1:44:26, 69.63s/ep] TrnAcc=0.978 ValAcc=0.854 TrnLoss=0.112 ValLoss=0.516 < 0.535 --> checkpoint
 59%|####1  | 126/215 [2:29:31<1:43:46, 69.96s/ep] TrnAcc=0.980 ValAcc=0.808 TrnLoss=0.114 ValLoss=0.684 
 59%|####1  | 127/215 [2:30:41<1:42:31, 69.90s/ep] TrnAcc=0.987 ValAcc=0.829 TrnLoss=0.107 ValLoss=0.577 
 60%|####1  | 128/215 [2:31:50<1:41:10, 69.78s/ep] TrnAcc=0.980 ValAcc=0.821 TrnLoss=0.110 ValLoss=0.631 
 60%|####2  | 129/215 [2:33:02<1:40:58, 70.44s/ep] TrnAcc=0.988 ValAcc=0.829 TrnLoss=0.097 ValLoss=0.586 
 60%|####2  | 130/215 [2:34:15<1:40:41, 71.07s/ep] TrnAcc=0.982 ValAcc=0.867 TrnLoss=0.104 ValLoss=0.535 
 61%|####2  | 131/215 [2:35:25<1:39:04, 70.77s/ep] TrnAcc=0.979 ValAcc=0.846 TrnLoss=0.117 ValLoss=0.549 
 61%|####2  | 132/215 [2:36:34<1:37:27, 70.46s/ep] TrnAcc=0.987 ValAcc=0.833 TrnLoss=0.097 ValLoss=0.558 
 62%|####3  | 133/215 [2:37:44<1:35:56, 70.20s/ep] TrnAcc=0.986 ValAcc=0.850 TrnLoss=0.113 ValLoss=0.539 
 62%|####3  | 134/215 [2:38:54<1:34:49, 70.24s/ep] TrnAcc=0.979 ValAcc=0.796 TrnLoss=0.109 ValLoss=0.653 
 63%|####3  | 135/215 [2:40:07<1:34:39, 71.00s/ep] TrnAcc=0.981 ValAcc=0.846 TrnLoss=0.108 ValLoss=0.539 
 63%|####4  | 136/215 [2:41:20<1:34:19, 71.64s/ep] TrnAcc=0.987 ValAcc=0.838 TrnLoss=0.097 ValLoss=0.535 
 64%|####4  | 137/215 [2:42:31<1:32:37, 71.25s/ep] TrnAcc=0.982 ValAcc=0.846 TrnLoss=0.105 ValLoss=0.546 
 64%|####4  | 138/215 [2:43:42<1:31:30, 71.30s/ep] TrnAcc=0.986 ValAcc=0.846 TrnLoss=0.097 ValLoss=0.568 
 65%|####5  | 139/215 [2:44:51<1:29:24, 70.58s/ep] TrnAcc=0.976 ValAcc=0.863 TrnLoss=0.108 ValLoss=0.517 
 65%|####5  | 140/215 [2:46:02<1:28:21, 70.69s/ep] TrnAcc=0.986 ValAcc=0.850 TrnLoss=0.091 ValLoss=0.505 < 0.516 --> checkpoint
 66%|####5  | 141/215 [2:47:13<1:27:18, 70.79s/ep] TrnAcc=0.983 ValAcc=0.829 TrnLoss=0.102 ValLoss=0.575 
 66%|####6  | 142/215 [2:48:24<1:26:07, 70.79s/ep] TrnAcc=0.988 ValAcc=0.846 TrnLoss=0.092 ValLoss=0.576 
 67%|####6  | 143/215 [2:49:34<1:24:55, 70.78s/ep] TrnAcc=0.982 ValAcc=0.833 TrnLoss=0.102 ValLoss=0.634 
 67%|####6  | 144/215 [2:50:43<1:23:08, 70.26s/ep] TrnAcc=0.984 ValAcc=0.842 TrnLoss=0.104 ValLoss=0.546 
 67%|####7  | 145/215 [2:51:53<1:21:52, 70.18s/ep] TrnAcc=0.990 ValAcc=0.833 TrnLoss=0.083 ValLoss=0.545 
 68%|####7  | 146/215 [2:53:04<1:20:59, 70.43s/ep] TrnAcc=0.989 ValAcc=0.858 TrnLoss=0.091 ValLoss=0.529 
 68%|####7  | 147/215 [2:54:15<1:19:58, 70.57s/ep] TrnAcc=0.991 ValAcc=0.854 TrnLoss=0.082 ValLoss=0.502 < 0.505 --> checkpoint
 69%|####8  | 148/215 [2:55:26<1:18:55, 70.69s/ep] TrnAcc=0.987 ValAcc=0.850 TrnLoss=0.088 ValLoss=0.511 
 69%|####8  | 149/215 [2:56:38<1:18:04, 70.98s/ep] TrnAcc=0.987 ValAcc=0.825 TrnLoss=0.091 ValLoss=0.578 
 70%|####8  | 150/215 [2:57:50<1:17:06, 71.17s/ep] TrnAcc=0.988 ValAcc=0.838 TrnLoss=0.092 ValLoss=0.523 
 70%|####9  | 151/215 [2:59:00<1:15:42, 70.97s/ep] TrnAcc=0.990 ValAcc=0.829 TrnLoss=0.089 ValLoss=0.603 
 71%|####9  | 152/215 [3:00:09<1:13:46, 70.26s/ep] TrnAcc=0.987 ValAcc=0.854 TrnLoss=0.091 ValLoss=0.516 
 71%|####9  | 153/215 [3:01:20<1:12:58, 70.61s/ep] TrnAcc=0.988 ValAcc=0.850 TrnLoss=0.095 ValLoss=0.520 
 72%|#####  | 154/215 [3:02:29<1:11:22, 70.20s/ep] TrnAcc=0.990 ValAcc=0.842 TrnLoss=0.091 ValLoss=0.528 
 72%|#####  | 155/215 [3:03:38<1:09:53, 69.89s/ep] TrnAcc=0.987 ValAcc=0.825 TrnLoss=0.092 ValLoss=0.586 
 73%|#####  | 156/215 [3:04:48<1:08:35, 69.76s/ep] TrnAcc=0.993 ValAcc=0.821 TrnLoss=0.087 ValLoss=0.566 
 73%|#####1 | 157/215 [3:05:59<1:07:57, 70.30s/ep] TrnAcc=0.989 ValAcc=0.842 TrnLoss=0.086 ValLoss=0.541 
 73%|#####1 | 158/215 [3:07:12<1:07:27, 71.01s/ep] TrnAcc=0.989 ValAcc=0.850 TrnLoss=0.083 ValLoss=0.547 
 74%|#####1 | 159/215 [3:08:22<1:06:00, 70.72s/ep] TrnAcc=0.996 ValAcc=0.850 TrnLoss=0.072 ValLoss=0.552 
 74%|#####2 | 160/215 [3:09:31<1:04:20, 70.19s/ep] TrnAcc=0.990 ValAcc=0.846 TrnLoss=0.087 ValLoss=0.508 
 75%|#####2 | 161/215 [3:10:40<1:02:53, 69.89s/ep] TrnAcc=0.991 ValAcc=0.833 TrnLoss=0.088 ValLoss=0.573 
 75%|#####2 | 162/215 [3:11:50<1:01:42, 69.87s/ep] TrnAcc=0.991 ValAcc=0.838 TrnLoss=0.082 ValLoss=0.553 
 76%|#####3 | 163/215 [3:13:00<1:00:40, 70.01s/ep] TrnAcc=0.990 ValAcc=0.858 TrnLoss=0.085 ValLoss=0.487 < 0.502 --> checkpoint
 76%|######8  | 164/215 [3:14:11<59:43, 70.26s/ep] TrnAcc=0.992 ValAcc=0.846 TrnLoss=0.077 ValLoss=0.544 
 77%|######9  | 165/215 [3:15:21<58:29, 70.18s/ep] TrnAcc=0.988 ValAcc=0.842 TrnLoss=0.085 ValLoss=0.578 
 77%|######9  | 166/215 [3:16:31<57:11, 70.03s/ep] TrnAcc=0.991 ValAcc=0.850 TrnLoss=0.078 ValLoss=0.523 
 78%|######9  | 167/215 [3:17:40<55:51, 69.82s/ep] TrnAcc=0.993 ValAcc=0.871 TrnLoss=0.073 ValLoss=0.517 
 78%|#######  | 168/215 [3:18:51<54:49, 69.99s/ep] TrnAcc=0.994 ValAcc=0.838 TrnLoss=0.074 ValLoss=0.511 
 79%|#######  | 169/215 [3:20:03<54:06, 70.58s/ep] TrnAcc=0.985 ValAcc=0.833 TrnLoss=0.096 ValLoss=0.540 
 79%|#######1 | 170/215 [3:21:14<53:09, 70.89s/ep] TrnAcc=0.988 ValAcc=0.838 TrnLoss=0.087 ValLoss=0.535 
 80%|#######1 | 171/215 [3:22:25<52:01, 70.93s/ep] TrnAcc=0.988 ValAcc=0.854 TrnLoss=0.089 ValLoss=0.517 
 80%|#######2 | 172/215 [3:23:36<50:45, 70.82s/ep] TrnAcc=0.988 ValAcc=0.842 TrnLoss=0.083 ValLoss=0.557 
 80%|#######2 | 173/215 [3:24:45<49:17, 70.42s/ep] TrnAcc=0.993 ValAcc=0.867 TrnLoss=0.084 ValLoss=0.524 
 81%|#######2 | 174/215 [3:25:56<48:07, 70.42s/ep] TrnAcc=0.987 ValAcc=0.846 TrnLoss=0.084 ValLoss=0.518 
 81%|#######3 | 175/215 [3:27:06<46:51, 70.28s/ep] TrnAcc=0.995 ValAcc=0.871 TrnLoss=0.066 ValLoss=0.530 
 82%|#######3 | 176/215 [3:28:15<45:26, 69.92s/ep] TrnAcc=0.995 ValAcc=0.846 TrnLoss=0.076 ValLoss=0.552 
 82%|#######4 | 177/215 [3:29:24<44:11, 69.77s/ep] TrnAcc=0.989 ValAcc=0.863 TrnLoss=0.082 ValLoss=0.512 
 83%|#######4 | 178/215 [3:30:32<42:44, 69.30s/ep] TrnAcc=0.986 ValAcc=0.850 TrnLoss=0.083 ValLoss=0.579 
 83%|#######4 | 179/215 [3:31:43<41:51, 69.76s/ep] TrnAcc=0.988 ValAcc=0.863 TrnLoss=0.077 ValLoss=0.523 
 84%|#######5 | 180/215 [3:32:54<40:50, 70.01s/ep] TrnAcc=0.985 ValAcc=0.863 TrnLoss=0.083 ValLoss=0.563 
 84%|#######5 | 181/215 [3:34:04<39:46, 70.18s/ep] TrnAcc=0.992 ValAcc=0.863 TrnLoss=0.075 ValLoss=0.525 
 85%|#######6 | 182/215 [3:35:15<38:36, 70.21s/ep] TrnAcc=0.988 ValAcc=0.854 TrnLoss=0.078 ValLoss=0.518 
 85%|#######6 | 183/215 [3:36:26<37:36, 70.53s/ep] TrnAcc=0.989 ValAcc=0.858 TrnLoss=0.077 ValLoss=0.511 
 86%|#######7 | 184/215 [3:37:37<36:32, 70.73s/ep] TrnAcc=0.992 ValAcc=0.846 TrnLoss=0.078 ValLoss=0.561 
 86%|#######7 | 185/215 [3:38:46<35:07, 70.26s/ep] TrnAcc=0.992 ValAcc=0.854 TrnLoss=0.073 ValLoss=0.504 
 87%|#######7 | 186/215 [3:39:58<34:12, 70.78s/ep] TrnAcc=0.989 ValAcc=0.854 TrnLoss=0.070 ValLoss=0.499 
 87%|#######8 | 187/215 [3:41:10<33:07, 70.97s/ep] TrnAcc=0.991 ValAcc=0.846 TrnLoss=0.074 ValLoss=0.536 
 87%|#######8 | 188/215 [3:42:20<31:47, 70.65s/ep] TrnAcc=0.992 ValAcc=0.854 TrnLoss=0.075 ValLoss=0.517 
 88%|#######9 | 189/215 [3:43:31<30:38, 70.72s/ep] TrnAcc=0.997 ValAcc=0.842 TrnLoss=0.061 ValLoss=0.521 
 88%|#######9 | 190/215 [3:44:41<29:28, 70.73s/ep] TrnAcc=0.993 ValAcc=0.854 TrnLoss=0.068 ValLoss=0.498 
 89%|#######9 | 191/215 [3:45:52<28:17, 70.75s/ep] TrnAcc=0.995 ValAcc=0.846 TrnLoss=0.062 ValLoss=0.516 
 89%|######## | 192/215 [3:47:04<27:16, 71.17s/ep] TrnAcc=0.990 ValAcc=0.838 TrnLoss=0.072 ValLoss=0.525 
 90%|######## | 193/215 [3:48:15<26:03, 71.07s/ep] TrnAcc=0.995 ValAcc=0.842 TrnLoss=0.068 ValLoss=0.547 
 90%|########1| 194/215 [3:49:24<24:36, 70.31s/ep] TrnAcc=0.990 ValAcc=0.858 TrnLoss=0.072 ValLoss=0.491 
 91%|########1| 195/215 [3:50:34<23:26, 70.30s/ep] TrnAcc=0.987 ValAcc=0.850 TrnLoss=0.076 ValLoss=0.505 
 91%|########2| 196/215 [3:51:45<22:19, 70.51s/ep] TrnAcc=0.990 ValAcc=0.871 TrnLoss=0.073 ValLoss=0.448 < 0.487 --> checkpoint
 92%|########2| 197/215 [3:52:54<21:04, 70.23s/ep] TrnAcc=0.992 ValAcc=0.846 TrnLoss=0.072 ValLoss=0.478 
 92%|########2| 198/215 [3:54:04<19:52, 70.13s/ep] TrnAcc=0.990 ValAcc=0.858 TrnLoss=0.078 ValLoss=0.509 
 93%|########3| 199/215 [3:55:13<18:33, 69.57s/ep] TrnAcc=0.989 ValAcc=0.867 TrnLoss=0.069 ValLoss=0.481 
 93%|########3| 200/215 [3:56:21<17:17, 69.18s/ep] TrnAcc=0.994 ValAcc=0.867 TrnLoss=0.076 ValLoss=0.475 
 93%|########4| 201/215 [3:57:30<16:09, 69.23s/ep] TrnAcc=0.993 ValAcc=0.838 TrnLoss=0.069 ValLoss=0.489 
 94%|########4| 202/215 [3:58:40<15:01, 69.31s/ep] TrnAcc=0.993 ValAcc=0.850 TrnLoss=0.063 ValLoss=0.491 
 94%|########4| 203/215 [3:59:51<13:58, 69.89s/ep] TrnAcc=0.992 ValAcc=0.838 TrnLoss=0.072 ValLoss=0.502 
 95%|########5| 204/215 [4:01:01<12:49, 69.96s/ep] TrnAcc=0.992 ValAcc=0.829 TrnLoss=0.067 ValLoss=0.537 
 95%|########5| 205/215 [4:02:12<11:42, 70.23s/ep] TrnAcc=0.993 ValAcc=0.867 TrnLoss=0.065 ValLoss=0.477 
 96%|########6| 206/215 [4:03:20<10:25, 69.49s/ep] TrnAcc=0.993 ValAcc=0.842 TrnLoss=0.069 ValLoss=0.509 
 96%|########6| 207/215 [4:04:29<09:14, 69.34s/ep] TrnAcc=0.995 ValAcc=0.846 TrnLoss=0.066 ValLoss=0.517 
 97%|########7| 208/215 [4:05:40<08:09, 69.92s/ep] TrnAcc=0.994 ValAcc=0.858 TrnLoss=0.063 ValLoss=0.525 
 97%|########7| 209/215 [4:06:51<07:01, 70.23s/ep] TrnAcc=0.993 ValAcc=0.854 TrnLoss=0.065 ValLoss=0.514 
 98%|########7| 210/215 [4:08:03<05:53, 70.71s/ep] TrnAcc=0.992 ValAcc=0.846 TrnLoss=0.074 ValLoss=0.501 
 98%|########8| 211/215 [4:09:13<04:41, 70.45s/ep] TrnAcc=0.996 ValAcc=0.867 TrnLoss=0.062 ValLoss=0.488 
 99%|########8| 212/215 [4:10:21<03:29, 69.97s/ep] TrnAcc=0.993 ValAcc=0.858 TrnLoss=0.066 ValLoss=0.542 
 99%|########9| 213/215 [4:11:32<02:20, 70.03s/ep] TrnAcc=0.992 ValAcc=0.871 TrnLoss=0.073 ValLoss=0.464 
100%|########9| 214/215 [4:12:41<01:09, 69.93s/ep] TrnAcc=0.990 ValAcc=0.863 TrnLoss=0.065 ValLoss=0.505 
100%|#########| 215/215 [4:13:52<00:00, 70.03s/ep] TrnAcc=0.993 ValAcc=0.838 TrnLoss=0.068 ValLoss=0.520 
100%|#########| 215/215 [4:13:52<00:00, 70.85s/ep]

test results/2024-05-28-12-13/3
TestAcc    0.812
TestLoss   0.757
dtype: float64

