*****
train folds are {1, 3, 4, 5} and test fold is {2}
random wave cropping

ResNet_3(BasicBlock_2, [3, 2, 2, 4])
*****

  0%|           | 1/215 [01:30<5:22:42, 90.48s/ep] TrnAcc=0.047 ValAcc=0.062 TrnLoss=3.933 ValLoss=3.492 < inf --> checkpoint
  1%|1          | 2/215 [02:43<4:45:00, 80.28s/ep] TrnAcc=0.108 ValAcc=0.150 TrnLoss=3.384 ValLoss=3.198 < 3.492 --> checkpoint
  1%|1          | 3/215 [03:56<4:31:49, 76.93s/ep] TrnAcc=0.176 ValAcc=0.163 TrnLoss=2.986 ValLoss=2.918 < 3.198 --> checkpoint
  2%|2          | 4/215 [05:08<4:24:13, 75.14s/ep] TrnAcc=0.233 ValAcc=0.194 TrnLoss=2.727 ValLoss=2.905 < 2.918 --> checkpoint
  2%|2          | 5/215 [06:21<4:19:10, 74.05s/ep] TrnAcc=0.308 ValAcc=0.344 TrnLoss=2.455 ValLoss=2.234 < 2.905 --> checkpoint
  3%|3          | 6/215 [07:34<4:16:54, 73.75s/ep] TrnAcc=0.362 ValAcc=0.406 TrnLoss=2.205 ValLoss=2.091 < 2.234 --> checkpoint
  3%|3          | 7/215 [08:47<4:14:55, 73.54s/ep] TrnAcc=0.420 ValAcc=0.456 TrnLoss=2.033 ValLoss=1.913 < 2.091 --> checkpoint
  4%|4          | 8/215 [10:00<4:13:04, 73.36s/ep] TrnAcc=0.446 ValAcc=0.450 TrnLoss=1.906 ValLoss=1.889 < 1.913 --> checkpoint
  4%|4          | 9/215 [11:13<4:11:16, 73.19s/ep] TrnAcc=0.464 ValAcc=0.525 TrnLoss=1.803 ValLoss=1.642 < 1.889 --> checkpoint
  5%|4         | 10/215 [12:26<4:09:57, 73.16s/ep] TrnAcc=0.511 ValAcc=0.475 TrnLoss=1.682 ValLoss=1.792 
  5%|5         | 11/215 [13:38<4:07:36, 72.83s/ep] TrnAcc=0.515 ValAcc=0.519 TrnLoss=1.605 ValLoss=1.539 < 1.642 --> checkpoint
  6%|5         | 12/215 [14:52<4:07:27, 73.14s/ep] TrnAcc=0.542 ValAcc=0.450 TrnLoss=1.534 ValLoss=1.962 
  6%|6         | 13/215 [16:05<4:06:01, 73.08s/ep] TrnAcc=0.600 ValAcc=0.606 TrnLoss=1.437 ValLoss=1.322 < 1.539 --> checkpoint
  7%|6         | 14/215 [17:17<4:04:07, 72.87s/ep] TrnAcc=0.609 ValAcc=0.588 TrnLoss=1.352 ValLoss=1.426 
  7%|6         | 15/215 [18:29<4:01:49, 72.55s/ep] TrnAcc=0.609 ValAcc=0.537 TrnLoss=1.316 ValLoss=1.677 
  7%|7         | 16/215 [19:39<3:58:41, 71.97s/ep] TrnAcc=0.629 ValAcc=0.631 TrnLoss=1.285 ValLoss=1.231 < 1.322 --> checkpoint
  8%|7         | 17/215 [20:52<3:57:49, 72.07s/ep] TrnAcc=0.665 ValAcc=0.350 TrnLoss=1.178 ValLoss=2.748 
  8%|8         | 18/215 [22:04<3:56:34, 72.05s/ep] TrnAcc=0.662 ValAcc=0.650 TrnLoss=1.147 ValLoss=1.104 < 1.231 --> checkpoint
  9%|8         | 19/215 [23:16<3:56:00, 72.25s/ep] TrnAcc=0.676 ValAcc=0.688 TrnLoss=1.091 ValLoss=1.021 < 1.104 --> checkpoint
  9%|9         | 20/215 [24:30<3:56:17, 72.70s/ep] TrnAcc=0.678 ValAcc=0.550 TrnLoss=1.098 ValLoss=1.551 
 10%|9         | 21/215 [25:45<3:56:50, 73.25s/ep] TrnAcc=0.697 ValAcc=0.662 TrnLoss=1.006 ValLoss=1.251 
 10%|#         | 22/215 [26:59<3:56:46, 73.61s/ep] TrnAcc=0.724 ValAcc=0.706 TrnLoss=0.940 ValLoss=1.120 
 11%|#         | 23/215 [28:12<3:55:00, 73.44s/ep] TrnAcc=0.718 ValAcc=0.731 TrnLoss=0.939 ValLoss=0.956 < 1.021 --> checkpoint
 11%|#1        | 24/215 [29:24<3:52:35, 73.06s/ep] TrnAcc=0.716 ValAcc=0.738 TrnLoss=0.939 ValLoss=0.911 < 0.956 --> checkpoint
 12%|#1        | 25/215 [30:36<3:50:08, 72.67s/ep] TrnAcc=0.738 ValAcc=0.562 TrnLoss=0.875 ValLoss=1.627 
 12%|#2        | 26/215 [31:49<3:49:04, 72.72s/ep] TrnAcc=0.747 ValAcc=0.694 TrnLoss=0.852 ValLoss=1.043 
 13%|#2        | 27/215 [33:03<3:48:50, 73.03s/ep] TrnAcc=0.747 ValAcc=0.719 TrnLoss=0.817 ValLoss=0.880 < 0.911 --> checkpoint
 13%|#3        | 28/215 [34:14<3:46:16, 72.60s/ep] TrnAcc=0.767 ValAcc=0.700 TrnLoss=0.771 ValLoss=1.038 
 13%|#3        | 29/215 [35:27<3:44:48, 72.52s/ep] TrnAcc=0.778 ValAcc=0.750 TrnLoss=0.778 ValLoss=0.811 < 0.880 --> checkpoint
 14%|#3        | 30/215 [36:40<3:44:25, 72.79s/ep] TrnAcc=0.774 ValAcc=0.744 TrnLoss=0.764 ValLoss=0.875 
 14%|#4        | 31/215 [37:52<3:42:03, 72.41s/ep] TrnAcc=0.775 ValAcc=0.662 TrnLoss=0.749 ValLoss=1.046 
 15%|#4        | 32/215 [39:04<3:40:37, 72.34s/ep] TrnAcc=0.804 ValAcc=0.769 TrnLoss=0.687 ValLoss=0.734 < 0.811 --> checkpoint
 15%|#5        | 33/215 [40:17<3:39:51, 72.48s/ep] TrnAcc=0.797 ValAcc=0.750 TrnLoss=0.687 ValLoss=0.855 
 16%|#5        | 34/215 [41:30<3:39:19, 72.71s/ep] TrnAcc=0.811 ValAcc=0.750 TrnLoss=0.664 ValLoss=0.824 
 16%|#6        | 35/215 [42:42<3:37:47, 72.60s/ep] TrnAcc=0.811 ValAcc=0.713 TrnLoss=0.634 ValLoss=0.858 
 17%|#6        | 36/215 [43:54<3:35:37, 72.27s/ep] TrnAcc=0.817 ValAcc=0.600 TrnLoss=0.629 ValLoss=1.351 
 17%|#7        | 37/215 [45:06<3:34:29, 72.30s/ep] TrnAcc=0.828 ValAcc=0.769 TrnLoss=0.603 ValLoss=0.736 
 18%|#7        | 38/215 [46:19<3:33:36, 72.41s/ep] TrnAcc=0.842 ValAcc=0.775 TrnLoss=0.587 ValLoss=0.786 
 18%|#8        | 39/215 [47:31<3:32:02, 72.29s/ep] TrnAcc=0.831 ValAcc=0.775 TrnLoss=0.579 ValLoss=0.742 
 19%|#8        | 40/215 [48:42<3:30:12, 72.07s/ep] TrnAcc=0.827 ValAcc=0.819 TrnLoss=0.586 ValLoss=0.654 < 0.734 --> checkpoint
 19%|#9        | 41/215 [49:54<3:29:04, 72.09s/ep] TrnAcc=0.863 ValAcc=0.750 TrnLoss=0.537 ValLoss=0.796 
 20%|#9        | 42/215 [51:07<3:28:37, 72.36s/ep] TrnAcc=0.863 ValAcc=0.787 TrnLoss=0.507 ValLoss=0.675 
 20%|##        | 43/215 [52:21<3:28:38, 72.78s/ep] TrnAcc=0.844 ValAcc=0.819 TrnLoss=0.523 ValLoss=0.669 
 20%|##        | 44/215 [53:34<3:27:48, 72.92s/ep] TrnAcc=0.858 ValAcc=0.806 TrnLoss=0.509 ValLoss=0.628 < 0.654 --> checkpoint
 21%|##        | 45/215 [54:49<3:27:50, 73.35s/ep] TrnAcc=0.869 ValAcc=0.806 TrnLoss=0.482 ValLoss=0.653 
 21%|##1       | 46/215 [56:02<3:26:15, 73.23s/ep] TrnAcc=0.872 ValAcc=0.812 TrnLoss=0.473 ValLoss=0.721 
 22%|##1       | 47/215 [57:13<3:23:39, 72.73s/ep] TrnAcc=0.867 ValAcc=0.812 TrnLoss=0.460 ValLoss=0.590 < 0.628 --> checkpoint
 22%|##2       | 48/215 [58:26<3:22:03, 72.60s/ep] TrnAcc=0.869 ValAcc=0.806 TrnLoss=0.452 ValLoss=0.612 
 23%|##2       | 49/215 [59:38<3:20:40, 72.53s/ep] TrnAcc=0.872 ValAcc=0.787 TrnLoss=0.444 ValLoss=0.701 
 23%|#8      | 50/215 [1:00:53<3:21:34, 73.30s/ep] TrnAcc=0.861 ValAcc=0.738 TrnLoss=0.442 ValLoss=0.816 
 24%|#8      | 51/215 [1:02:05<3:19:18, 72.92s/ep] TrnAcc=0.863 ValAcc=0.787 TrnLoss=0.477 ValLoss=0.730 
 24%|#9      | 52/215 [1:03:18<3:18:01, 72.89s/ep] TrnAcc=0.867 ValAcc=0.819 TrnLoss=0.450 ValLoss=0.613 
 25%|#9      | 53/215 [1:04:30<3:16:13, 72.68s/ep] TrnAcc=0.885 ValAcc=0.819 TrnLoss=0.407 ValLoss=0.590 
 25%|##      | 54/215 [1:05:43<3:15:29, 72.85s/ep] TrnAcc=0.893 ValAcc=0.806 TrnLoss=0.399 ValLoss=0.671 
 26%|##      | 55/215 [1:06:53<3:11:36, 71.86s/ep] TrnAcc=0.897 ValAcc=0.806 TrnLoss=0.380 ValLoss=0.607 
 26%|##      | 56/215 [1:08:04<3:10:05, 71.73s/ep] TrnAcc=0.901 ValAcc=0.800 TrnLoss=0.379 ValLoss=0.693 
 27%|##1     | 57/215 [1:09:17<3:09:54, 72.11s/ep] TrnAcc=0.890 ValAcc=0.806 TrnLoss=0.389 ValLoss=0.600 
 27%|##1     | 58/215 [1:10:31<3:09:40, 72.48s/ep] TrnAcc=0.897 ValAcc=0.806 TrnLoss=0.373 ValLoss=0.603 
 27%|##1     | 59/215 [1:11:42<3:07:11, 71.99s/ep] TrnAcc=0.901 ValAcc=0.800 TrnLoss=0.375 ValLoss=0.692 
 28%|##2     | 60/215 [1:12:51<3:04:07, 71.27s/ep] TrnAcc=0.913 ValAcc=0.831 TrnLoss=0.364 ValLoss=0.547 < 0.590 --> checkpoint
 28%|##2     | 61/215 [1:14:04<3:04:01, 71.70s/ep] TrnAcc=0.904 ValAcc=0.806 TrnLoss=0.368 ValLoss=0.620 
 29%|##3     | 62/215 [1:15:16<3:03:31, 71.97s/ep] TrnAcc=0.900 ValAcc=0.819 TrnLoss=0.357 ValLoss=0.668 
 29%|##3     | 63/215 [1:16:28<3:02:18, 71.96s/ep] TrnAcc=0.912 ValAcc=0.812 TrnLoss=0.337 ValLoss=0.598 
 30%|##3     | 64/215 [1:17:42<3:02:36, 72.56s/ep] TrnAcc=0.920 ValAcc=0.838 TrnLoss=0.329 ValLoss=0.590 
 30%|##4     | 65/215 [1:18:54<3:00:46, 72.31s/ep] TrnAcc=0.905 ValAcc=0.825 TrnLoss=0.347 ValLoss=0.590 
 31%|##4     | 66/215 [1:20:05<2:58:54, 72.05s/ep] TrnAcc=0.910 ValAcc=0.819 TrnLoss=0.351 ValLoss=0.559 
 31%|##4     | 67/215 [1:21:17<2:57:40, 72.03s/ep] TrnAcc=0.920 ValAcc=0.838 TrnLoss=0.327 ValLoss=0.533 < 0.547 --> checkpoint
 32%|##5     | 68/215 [1:22:27<2:54:20, 71.16s/ep] TrnAcc=0.914 ValAcc=0.838 TrnLoss=0.321 ValLoss=0.568 
 32%|##5     | 69/215 [1:23:38<2:53:34, 71.33s/ep] TrnAcc=0.926 ValAcc=0.831 TrnLoss=0.310 ValLoss=0.518 < 0.533 --> checkpoint
 33%|##6     | 70/215 [1:24:51<2:53:32, 71.81s/ep] TrnAcc=0.919 ValAcc=0.819 TrnLoss=0.310 ValLoss=0.625 
 33%|##6     | 71/215 [1:26:04<2:53:04, 72.12s/ep] TrnAcc=0.931 ValAcc=0.831 TrnLoss=0.293 ValLoss=0.514 < 0.518 --> checkpoint
 33%|##6     | 72/215 [1:27:17<2:52:14, 72.27s/ep] TrnAcc=0.928 ValAcc=0.856 TrnLoss=0.285 ValLoss=0.520 
 34%|##7     | 73/215 [1:28:28<2:50:01, 71.84s/ep] TrnAcc=0.922 ValAcc=0.806 TrnLoss=0.294 ValLoss=0.537 
 34%|##7     | 74/215 [1:29:39<2:48:52, 71.86s/ep] TrnAcc=0.925 ValAcc=0.838 TrnLoss=0.295 ValLoss=0.539 
 35%|##7     | 75/215 [1:30:52<2:48:22, 72.16s/ep] TrnAcc=0.925 ValAcc=0.825 TrnLoss=0.288 ValLoss=0.545 
 35%|##8     | 76/215 [1:32:05<2:47:26, 72.28s/ep] TrnAcc=0.921 ValAcc=0.856 TrnLoss=0.305 ValLoss=0.493 < 0.514 --> checkpoint
 36%|##8     | 77/215 [1:33:15<2:45:02, 71.76s/ep] TrnAcc=0.939 ValAcc=0.850 TrnLoss=0.267 ValLoss=0.502 
 36%|##9     | 78/215 [1:34:27<2:43:25, 71.58s/ep] TrnAcc=0.926 ValAcc=0.825 TrnLoss=0.264 ValLoss=0.506 
 37%|##9     | 79/215 [1:35:39<2:42:47, 71.82s/ep] TrnAcc=0.941 ValAcc=0.850 TrnLoss=0.254 ValLoss=0.506 
 37%|##9     | 80/215 [1:36:49<2:40:38, 71.39s/ep] TrnAcc=0.949 ValAcc=0.844 TrnLoss=0.254 ValLoss=0.561 
 38%|###     | 81/215 [1:38:00<2:38:50, 71.13s/ep] TrnAcc=0.938 ValAcc=0.869 TrnLoss=0.260 ValLoss=0.508 
 38%|###     | 82/215 [1:39:12<2:38:20, 71.43s/ep] TrnAcc=0.935 ValAcc=0.850 TrnLoss=0.259 ValLoss=0.485 < 0.493 --> checkpoint
 39%|###     | 83/215 [1:40:23<2:36:52, 71.30s/ep] TrnAcc=0.946 ValAcc=0.844 TrnLoss=0.238 ValLoss=0.555 
 39%|###1    | 84/215 [1:41:33<2:34:29, 70.76s/ep] TrnAcc=0.949 ValAcc=0.825 TrnLoss=0.233 ValLoss=0.501 
 40%|###1    | 85/215 [1:42:45<2:34:44, 71.42s/ep] TrnAcc=0.942 ValAcc=0.812 TrnLoss=0.244 ValLoss=0.545 
 40%|###2    | 86/215 [1:43:57<2:33:46, 71.52s/ep] TrnAcc=0.942 ValAcc=0.819 TrnLoss=0.260 ValLoss=0.507 
 40%|###2    | 87/215 [1:45:08<2:32:22, 71.43s/ep] TrnAcc=0.933 ValAcc=0.844 TrnLoss=0.259 ValLoss=0.540 
 41%|###2    | 88/215 [1:46:20<2:31:12, 71.44s/ep] TrnAcc=0.930 ValAcc=0.838 TrnLoss=0.259 ValLoss=0.553 
 41%|###3    | 89/215 [1:47:32<2:30:30, 71.67s/ep] TrnAcc=0.947 ValAcc=0.856 TrnLoss=0.234 ValLoss=0.506 
 42%|###3    | 90/215 [1:48:44<2:29:24, 71.71s/ep] TrnAcc=0.942 ValAcc=0.838 TrnLoss=0.231 ValLoss=0.519 
 42%|###3    | 91/215 [1:49:56<2:28:25, 71.82s/ep] TrnAcc=0.953 ValAcc=0.850 TrnLoss=0.224 ValLoss=0.479 < 0.485 --> checkpoint
 43%|###4    | 92/215 [1:51:07<2:26:38, 71.53s/ep] TrnAcc=0.946 ValAcc=0.844 TrnLoss=0.228 ValLoss=0.474 < 0.479 --> checkpoint
 43%|###4    | 93/215 [1:52:17<2:24:47, 71.21s/ep] TrnAcc=0.944 ValAcc=0.856 TrnLoss=0.233 ValLoss=0.495 
 44%|###4    | 94/215 [1:53:29<2:24:06, 71.46s/ep] TrnAcc=0.951 ValAcc=0.869 TrnLoss=0.230 ValLoss=0.519 
 44%|###5    | 95/215 [1:54:40<2:22:15, 71.13s/ep] TrnAcc=0.947 ValAcc=0.850 TrnLoss=0.226 ValLoss=0.481 
 45%|###5    | 96/215 [1:55:50<2:20:49, 71.00s/ep] TrnAcc=0.956 ValAcc=0.856 TrnLoss=0.213 ValLoss=0.481 
 45%|###6    | 97/215 [1:57:02<2:20:00, 71.19s/ep] TrnAcc=0.963 ValAcc=0.838 TrnLoss=0.191 ValLoss=0.491 
 46%|###6    | 98/215 [1:58:14<2:19:23, 71.49s/ep] TrnAcc=0.956 ValAcc=0.844 TrnLoss=0.202 ValLoss=0.492 
 46%|###6    | 99/215 [1:59:27<2:18:40, 71.73s/ep] TrnAcc=0.953 ValAcc=0.838 TrnLoss=0.207 ValLoss=0.564 
 47%|###2   | 100/215 [2:00:38<2:17:28, 71.73s/ep] TrnAcc=0.954 ValAcc=0.831 TrnLoss=0.220 ValLoss=0.479 
 47%|###2   | 101/215 [2:01:51<2:16:57, 72.08s/ep] TrnAcc=0.956 ValAcc=0.856 TrnLoss=0.198 ValLoss=0.463 < 0.474 --> checkpoint
 47%|###3   | 102/215 [2:03:03<2:15:48, 72.11s/ep] TrnAcc=0.956 ValAcc=0.825 TrnLoss=0.208 ValLoss=0.539 
 48%|###3   | 103/215 [2:04:13<2:13:21, 71.45s/ep] TrnAcc=0.953 ValAcc=0.838 TrnLoss=0.218 ValLoss=0.517 
 48%|###3   | 104/215 [2:05:24<2:11:56, 71.32s/ep] TrnAcc=0.955 ValAcc=0.838 TrnLoss=0.210 ValLoss=0.468 
 49%|###4   | 105/215 [2:06:37<2:11:23, 71.67s/ep] TrnAcc=0.956 ValAcc=0.819 TrnLoss=0.197 ValLoss=0.517 
 49%|###4   | 106/215 [2:07:48<2:09:46, 71.43s/ep] TrnAcc=0.957 ValAcc=0.838 TrnLoss=0.203 ValLoss=0.480 
 50%|###4   | 107/215 [2:09:00<2:09:06, 71.73s/ep] TrnAcc=0.963 ValAcc=0.856 TrnLoss=0.192 ValLoss=0.512 
 50%|###5   | 108/215 [2:10:13<2:08:29, 72.05s/ep] TrnAcc=0.953 ValAcc=0.850 TrnLoss=0.200 ValLoss=0.465 
 51%|###5   | 109/215 [2:11:24<2:06:55, 71.84s/ep] TrnAcc=0.962 ValAcc=0.850 TrnLoss=0.191 ValLoss=0.483 
 51%|###5   | 110/215 [2:12:35<2:05:09, 71.52s/ep] TrnAcc=0.960 ValAcc=0.838 TrnLoss=0.193 ValLoss=0.505 
 52%|###6   | 111/215 [2:13:47<2:04:22, 71.76s/ep] TrnAcc=0.962 ValAcc=0.844 TrnLoss=0.189 ValLoss=0.511 
 52%|###6   | 112/215 [2:14:59<2:03:10, 71.76s/ep] TrnAcc=0.969 ValAcc=0.844 TrnLoss=0.164 ValLoss=0.486 
 53%|###6   | 113/215 [2:16:10<2:01:30, 71.47s/ep] TrnAcc=0.963 ValAcc=0.844 TrnLoss=0.176 ValLoss=0.533 
 53%|###7   | 114/215 [2:17:23<2:01:05, 71.93s/ep] TrnAcc=0.958 ValAcc=0.838 TrnLoss=0.199 ValLoss=0.497 
 53%|###7   | 115/215 [2:18:35<2:00:01, 72.02s/ep] TrnAcc=0.957 ValAcc=0.856 TrnLoss=0.192 ValLoss=0.509 
 54%|###7   | 116/215 [2:19:48<1:59:19, 72.32s/ep] TrnAcc=0.961 ValAcc=0.850 TrnLoss=0.180 ValLoss=0.470 
 54%|###8   | 117/215 [2:20:59<1:57:37, 72.01s/ep] TrnAcc=0.965 ValAcc=0.869 TrnLoss=0.173 ValLoss=0.492 
 55%|###8   | 118/215 [2:22:12<1:56:48, 72.25s/ep] TrnAcc=0.961 ValAcc=0.838 TrnLoss=0.182 ValLoss=0.534 
 55%|###8   | 119/215 [2:23:24<1:55:16, 72.05s/ep] TrnAcc=0.965 ValAcc=0.844 TrnLoss=0.181 ValLoss=0.476 
 56%|###9   | 120/215 [2:24:36<1:54:00, 72.00s/ep] TrnAcc=0.960 ValAcc=0.831 TrnLoss=0.178 ValLoss=0.509 
 56%|###9   | 121/215 [2:25:49<1:53:12, 72.26s/ep] TrnAcc=0.973 ValAcc=0.844 TrnLoss=0.169 ValLoss=0.483 
 57%|###9   | 122/215 [2:27:00<1:51:47, 72.12s/ep] TrnAcc=0.969 ValAcc=0.850 TrnLoss=0.161 ValLoss=0.464 
 57%|####   | 123/215 [2:28:13<1:50:47, 72.25s/ep] TrnAcc=0.970 ValAcc=0.844 TrnLoss=0.162 ValLoss=0.438 < 0.463 --> checkpoint
 58%|####   | 124/215 [2:29:26<1:50:09, 72.63s/ep] TrnAcc=0.952 ValAcc=0.850 TrnLoss=0.182 ValLoss=0.464 
 58%|####   | 125/215 [2:30:38<1:48:36, 72.41s/ep] TrnAcc=0.969 ValAcc=0.863 TrnLoss=0.172 ValLoss=0.462 
 59%|####1  | 126/215 [2:31:51<1:47:41, 72.61s/ep] TrnAcc=0.967 ValAcc=0.856 TrnLoss=0.180 ValLoss=0.500 
 59%|####1  | 127/215 [2:33:03<1:46:16, 72.46s/ep] TrnAcc=0.967 ValAcc=0.856 TrnLoss=0.166 ValLoss=0.468 
 60%|####1  | 128/215 [2:34:16<1:45:12, 72.56s/ep] TrnAcc=0.970 ValAcc=0.844 TrnLoss=0.155 ValLoss=0.453 
 60%|####2  | 129/215 [2:35:31<1:44:54, 73.19s/ep] TrnAcc=0.973 ValAcc=0.850 TrnLoss=0.163 ValLoss=0.467 
 60%|####2  | 130/215 [2:36:44<1:43:40, 73.18s/ep] TrnAcc=0.972 ValAcc=0.856 TrnLoss=0.148 ValLoss=0.480 
 61%|####2  | 131/215 [2:37:59<1:43:01, 73.59s/ep] TrnAcc=0.976 ValAcc=0.844 TrnLoss=0.141 ValLoss=0.469 
 61%|####2  | 132/215 [2:39:12<1:41:49, 73.61s/ep] TrnAcc=0.969 ValAcc=0.856 TrnLoss=0.159 ValLoss=0.455 
 62%|####3  | 133/215 [2:40:25<1:40:01, 73.19s/ep] TrnAcc=0.965 ValAcc=0.825 TrnLoss=0.157 ValLoss=0.464 
 62%|####3  | 134/215 [2:41:39<1:39:18, 73.56s/ep] TrnAcc=0.963 ValAcc=0.838 TrnLoss=0.172 ValLoss=0.465 
 63%|####3  | 135/215 [2:42:53<1:38:21, 73.77s/ep] TrnAcc=0.964 ValAcc=0.831 TrnLoss=0.168 ValLoss=0.500 
 63%|####4  | 136/215 [2:44:07<1:37:01, 73.68s/ep] TrnAcc=0.971 ValAcc=0.850 TrnLoss=0.160 ValLoss=0.473 
 64%|####4  | 137/215 [2:45:20<1:35:44, 73.65s/ep] TrnAcc=0.986 ValAcc=0.850 TrnLoss=0.135 ValLoss=0.519 
 64%|####4  | 138/215 [2:46:33<1:34:01, 73.27s/ep] TrnAcc=0.965 ValAcc=0.844 TrnLoss=0.163 ValLoss=0.502 
 65%|####5  | 139/215 [2:47:46<1:32:42, 73.19s/ep] TrnAcc=0.972 ValAcc=0.869 TrnLoss=0.155 ValLoss=0.431 < 0.438 --> checkpoint
 65%|####5  | 140/215 [2:48:59<1:31:42, 73.37s/ep] TrnAcc=0.964 ValAcc=0.838 TrnLoss=0.158 ValLoss=0.445 
 66%|####5  | 141/215 [2:50:13<1:30:24, 73.30s/ep] TrnAcc=0.972 ValAcc=0.856 TrnLoss=0.150 ValLoss=0.485 
 66%|####6  | 142/215 [2:51:27<1:29:27, 73.52s/ep] TrnAcc=0.975 ValAcc=0.856 TrnLoss=0.147 ValLoss=0.466 
 67%|####6  | 143/215 [2:52:38<1:27:32, 72.95s/ep] TrnAcc=0.979 ValAcc=0.850 TrnLoss=0.148 ValLoss=0.472 
 67%|####6  | 144/215 [2:53:50<1:25:52, 72.57s/ep] TrnAcc=0.965 ValAcc=0.856 TrnLoss=0.162 ValLoss=0.477 
 67%|####7  | 145/215 [2:55:00<1:23:52, 71.90s/ep] TrnAcc=0.976 ValAcc=0.863 TrnLoss=0.145 ValLoss=0.479 
 68%|####7  | 146/215 [2:56:11<1:22:23, 71.64s/ep] TrnAcc=0.972 ValAcc=0.844 TrnLoss=0.142 ValLoss=0.456 
 68%|####7  | 147/215 [2:57:24<1:21:40, 72.06s/ep] TrnAcc=0.976 ValAcc=0.863 TrnLoss=0.141 ValLoss=0.451 
 69%|####8  | 148/215 [2:58:37<1:20:45, 72.31s/ep] TrnAcc=0.974 ValAcc=0.850 TrnLoss=0.140 ValLoss=0.478 
 69%|####8  | 149/215 [2:59:50<1:19:47, 72.54s/ep] TrnAcc=0.968 ValAcc=0.856 TrnLoss=0.154 ValLoss=0.472 
 70%|####8  | 150/215 [3:01:03<1:18:32, 72.50s/ep] TrnAcc=0.975 ValAcc=0.838 TrnLoss=0.136 ValLoss=0.486 
 70%|####9  | 151/215 [3:02:16<1:17:35, 72.75s/ep] TrnAcc=0.977 ValAcc=0.850 TrnLoss=0.142 ValLoss=0.456 
 71%|####9  | 152/215 [3:03:29<1:16:19, 72.70s/ep] TrnAcc=0.973 ValAcc=0.863 TrnLoss=0.155 ValLoss=0.467 
 71%|####9  | 153/215 [3:04:41<1:14:58, 72.56s/ep] TrnAcc=0.974 ValAcc=0.838 TrnLoss=0.134 ValLoss=0.475 
 72%|#####  | 154/215 [3:05:55<1:14:08, 72.92s/ep] TrnAcc=0.970 ValAcc=0.844 TrnLoss=0.147 ValLoss=0.469 
 72%|#####  | 155/215 [3:07:06<1:12:27, 72.46s/ep] TrnAcc=0.979 ValAcc=0.844 TrnLoss=0.137 ValLoss=0.464 
 73%|#####  | 156/215 [3:08:19<1:11:33, 72.77s/ep] TrnAcc=0.974 ValAcc=0.850 TrnLoss=0.149 ValLoss=0.453 
 73%|#####1 | 157/215 [3:09:34<1:10:43, 73.17s/ep] TrnAcc=0.978 ValAcc=0.850 TrnLoss=0.132 ValLoss=0.477 
 73%|#####1 | 158/215 [3:10:47<1:09:35, 73.25s/ep] TrnAcc=0.969 ValAcc=0.850 TrnLoss=0.139 ValLoss=0.465 
 74%|#####1 | 159/215 [3:12:01<1:08:29, 73.39s/ep] TrnAcc=0.972 ValAcc=0.869 TrnLoss=0.154 ValLoss=0.447 
 74%|#####2 | 160/215 [3:13:13<1:07:02, 73.13s/ep] TrnAcc=0.984 ValAcc=0.863 TrnLoss=0.124 ValLoss=0.449 
 75%|#####2 | 161/215 [3:14:27<1:06:00, 73.34s/ep] TrnAcc=0.979 ValAcc=0.856 TrnLoss=0.139 ValLoss=0.485 
 75%|#####2 | 162/215 [3:15:40<1:04:35, 73.12s/ep] TrnAcc=0.984 ValAcc=0.856 TrnLoss=0.126 ValLoss=0.465 
 76%|#####3 | 163/215 [3:16:52<1:03:16, 73.00s/ep] TrnAcc=0.974 ValAcc=0.844 TrnLoss=0.139 ValLoss=0.464 
 76%|#####3 | 164/215 [3:18:05<1:01:59, 72.93s/ep] TrnAcc=0.979 ValAcc=0.838 TrnLoss=0.137 ValLoss=0.463 
 77%|#####3 | 165/215 [3:19:19<1:01:05, 73.31s/ep] TrnAcc=0.976 ValAcc=0.838 TrnLoss=0.137 ValLoss=0.450 
 77%|######9  | 166/215 [3:20:33<59:49, 73.26s/ep] TrnAcc=0.982 ValAcc=0.844 TrnLoss=0.126 ValLoss=0.478 
 78%|######9  | 167/215 [3:21:45<58:30, 73.13s/ep] TrnAcc=0.972 ValAcc=0.844 TrnLoss=0.147 ValLoss=0.481 
 78%|#######  | 168/215 [3:22:59<57:20, 73.20s/ep] TrnAcc=0.980 ValAcc=0.863 TrnLoss=0.133 ValLoss=0.470 
 79%|#######  | 169/215 [3:24:12<56:02, 73.11s/ep] TrnAcc=0.982 ValAcc=0.856 TrnLoss=0.125 ValLoss=0.488 
 79%|#######1 | 170/215 [3:25:25<54:48, 73.07s/ep] TrnAcc=0.982 ValAcc=0.856 TrnLoss=0.133 ValLoss=0.465 
 80%|#######1 | 171/215 [3:26:38<53:37, 73.13s/ep] TrnAcc=0.985 ValAcc=0.875 TrnLoss=0.121 ValLoss=0.447 
 80%|#######2 | 172/215 [3:27:49<51:53, 72.41s/ep] TrnAcc=0.974 ValAcc=0.856 TrnLoss=0.139 ValLoss=0.473 
 80%|#######2 | 173/215 [3:29:00<50:27, 72.07s/ep] TrnAcc=0.985 ValAcc=0.856 TrnLoss=0.120 ValLoss=0.462 
 81%|#######2 | 174/215 [3:30:12<49:14, 72.05s/ep] TrnAcc=0.977 ValAcc=0.844 TrnLoss=0.128 ValLoss=0.464 
 81%|#######3 | 175/215 [3:31:25<48:14, 72.36s/ep] TrnAcc=0.977 ValAcc=0.863 TrnLoss=0.123 ValLoss=0.457 
 82%|#######3 | 176/215 [3:32:37<47:01, 72.34s/ep] TrnAcc=0.976 ValAcc=0.875 TrnLoss=0.137 ValLoss=0.446 
 82%|#######4 | 177/215 [3:33:49<45:44, 72.21s/ep] TrnAcc=0.980 ValAcc=0.863 TrnLoss=0.127 ValLoss=0.459 
 83%|#######4 | 178/215 [3:35:01<44:23, 71.99s/ep] TrnAcc=0.981 ValAcc=0.875 TrnLoss=0.129 ValLoss=0.451 
 83%|#######4 | 179/215 [3:36:13<43:11, 71.98s/ep] TrnAcc=0.982 ValAcc=0.869 TrnLoss=0.121 ValLoss=0.455 
 84%|#######5 | 180/215 [3:37:26<42:18, 72.52s/ep] TrnAcc=0.986 ValAcc=0.856 TrnLoss=0.122 ValLoss=0.467 
 84%|#######5 | 181/215 [3:38:41<41:22, 73.02s/ep] TrnAcc=0.982 ValAcc=0.850 TrnLoss=0.114 ValLoss=0.462 
 85%|#######6 | 182/215 [3:39:53<40:06, 72.92s/ep] TrnAcc=0.975 ValAcc=0.856 TrnLoss=0.129 ValLoss=0.450 
 85%|#######6 | 183/215 [3:41:05<38:43, 72.62s/ep] TrnAcc=0.983 ValAcc=0.856 TrnLoss=0.120 ValLoss=0.486 
 86%|#######7 | 184/215 [3:42:17<37:23, 72.39s/ep] TrnAcc=0.974 ValAcc=0.869 TrnLoss=0.124 ValLoss=0.439 
 86%|#######7 | 185/215 [3:43:27<35:52, 71.75s/ep] TrnAcc=0.978 ValAcc=0.875 TrnLoss=0.125 ValLoss=0.472 
 87%|#######7 | 186/215 [3:44:40<34:49, 72.06s/ep] TrnAcc=0.983 ValAcc=0.856 TrnLoss=0.122 ValLoss=0.458 
 87%|#######8 | 187/215 [3:45:53<33:44, 72.29s/ep] TrnAcc=0.984 ValAcc=0.863 TrnLoss=0.114 ValLoss=0.475 
 87%|#######8 | 188/215 [3:47:06<32:35, 72.43s/ep] TrnAcc=0.985 ValAcc=0.850 TrnLoss=0.120 ValLoss=0.467 
 88%|#######9 | 189/215 [3:48:18<31:20, 72.32s/ep] TrnAcc=0.975 ValAcc=0.850 TrnLoss=0.132 ValLoss=0.449 
 88%|#######9 | 190/215 [3:49:30<30:11, 72.45s/ep] TrnAcc=0.981 ValAcc=0.850 TrnLoss=0.132 ValLoss=0.460 
 89%|#######9 | 191/215 [3:50:41<28:46, 71.93s/ep] TrnAcc=0.984 ValAcc=0.850 TrnLoss=0.114 ValLoss=0.470 
 89%|######## | 192/215 [3:51:54<27:37, 72.08s/ep] TrnAcc=0.983 ValAcc=0.838 TrnLoss=0.117 ValLoss=0.475 
 90%|######## | 193/215 [3:53:04<26:14, 71.59s/ep] TrnAcc=0.986 ValAcc=0.844 TrnLoss=0.115 ValLoss=0.474 
 90%|########1| 194/215 [3:54:16<25:04, 71.64s/ep] TrnAcc=0.985 ValAcc=0.838 TrnLoss=0.119 ValLoss=0.468 
 91%|########1| 195/215 [3:55:28<23:53, 71.67s/ep] TrnAcc=0.982 ValAcc=0.844 TrnLoss=0.122 ValLoss=0.473 
 91%|########2| 196/215 [3:56:39<22:38, 71.48s/ep] TrnAcc=0.985 ValAcc=0.856 TrnLoss=0.110 ValLoss=0.472 
 92%|########2| 197/215 [3:57:51<21:32, 71.82s/ep] TrnAcc=0.986 ValAcc=0.856 TrnLoss=0.112 ValLoss=0.457 
 92%|########2| 198/215 [3:59:03<20:22, 71.91s/ep] TrnAcc=0.980 ValAcc=0.856 TrnLoss=0.121 ValLoss=0.458 
 93%|########3| 199/215 [4:00:17<19:18, 72.41s/ep] TrnAcc=0.988 ValAcc=0.863 TrnLoss=0.114 ValLoss=0.451 
 93%|########3| 200/215 [4:01:30<18:08, 72.54s/ep] TrnAcc=0.983 ValAcc=0.863 TrnLoss=0.110 ValLoss=0.443 
 93%|########4| 201/215 [4:02:42<16:55, 72.50s/ep] TrnAcc=0.978 ValAcc=0.869 TrnLoss=0.123 ValLoss=0.463 
 94%|########4| 202/215 [4:03:55<15:43, 72.56s/ep] TrnAcc=0.983 ValAcc=0.875 TrnLoss=0.114 ValLoss=0.443 
 94%|########4| 203/215 [4:05:09<14:35, 72.96s/ep] TrnAcc=0.978 ValAcc=0.856 TrnLoss=0.117 ValLoss=0.454 
 95%|########5| 204/215 [4:06:22<13:23, 73.01s/ep] TrnAcc=0.983 ValAcc=0.881 TrnLoss=0.119 ValLoss=0.458 
 95%|########5| 205/215 [4:07:36<12:13, 73.38s/ep] TrnAcc=0.981 ValAcc=0.863 TrnLoss=0.123 ValLoss=0.456 
 96%|########6| 206/215 [4:08:48<10:56, 73.00s/ep] TrnAcc=0.980 ValAcc=0.869 TrnLoss=0.117 ValLoss=0.451 
 96%|########6| 207/215 [4:10:02<09:44, 73.11s/ep] TrnAcc=0.983 ValAcc=0.863 TrnLoss=0.119 ValLoss=0.455 
 97%|########7| 208/215 [4:11:16<08:35, 73.58s/ep] TrnAcc=0.980 ValAcc=0.863 TrnLoss=0.123 ValLoss=0.426 < 0.431 --> checkpoint
 97%|########7| 209/215 [4:12:29<07:20, 73.41s/ep] TrnAcc=0.984 ValAcc=0.863 TrnLoss=0.110 ValLoss=0.455 
 98%|########7| 210/215 [4:13:41<06:04, 72.86s/ep] TrnAcc=0.978 ValAcc=0.875 TrnLoss=0.122 ValLoss=0.431 
 98%|########8| 211/215 [4:14:54<04:51, 72.92s/ep] TrnAcc=0.983 ValAcc=0.850 TrnLoss=0.119 ValLoss=0.438 
 99%|########8| 212/215 [4:16:08<03:39, 73.12s/ep] TrnAcc=0.981 ValAcc=0.869 TrnLoss=0.118 ValLoss=0.431 
 99%|########9| 213/215 [4:17:21<02:26, 73.25s/ep] TrnAcc=0.981 ValAcc=0.856 TrnLoss=0.120 ValLoss=0.431 
100%|########9| 214/215 [4:18:34<01:13, 73.05s/ep] TrnAcc=0.987 ValAcc=0.869 TrnLoss=0.111 ValLoss=0.427 
100%|#########| 215/215 [4:19:48<00:00, 73.31s/ep] TrnAcc=0.984 ValAcc=0.856 TrnLoss=0.109 ValLoss=0.449 
100%|#########| 215/215 [4:19:48<00:00, 72.50s/ep]

test results/2024-05-20-08-23/2
TestAcc    0.805
TestLoss   0.748
dtype: float64

